2026-01-19 15:00:59,891 INFO *******Starting function ['D:\\Bharath\\bharath\\appsource\\mck_website\\views.py'] : HomePage.get
2026-01-19 15:00:59,892 INFO <QueryDict: {}>
2026-01-19 15:00:59,925 INFO *******Finished function ['D:\\Bharath\\bharath\\appsource\\mck_website\\views.py'] : HomePage.get in 0:00:00.033799 seconds
2026-01-19 15:01:05,733 INFO *******Starting function ['D:\\Bharath\\bharath\\appsource\\mck_master\\views.py'] : ProfileList.get
2026-01-19 15:01:05,733 INFO *******Starting function ['D:\\Bharath\\bharath\\appsource\\mck_auth\\role_validations.py'] : validate_requested_user_function
2026-01-19 15:01:05,734 INFO *******Finished function ['D:\\Bharath\\bharath\\appsource\\mck_auth\\role_validations.py'] : validate_requested_user_function in 0:00:00.001001 seconds
2026-01-19 15:01:05,734 INFO *******Starting function ['D:\\Bharath\\bharath\\appsource\\mck_auth\\build_table.py'] : build_profile_table
2026-01-19 15:01:05,734 INFO *******Finished function ['D:\\Bharath\\bharath\\appsource\\mck_auth\\build_table.py'] : build_profile_table in 0:00:00 seconds
2026-01-19 15:01:05,749 INFO *******Finished function ['D:\\Bharath\\bharath\\appsource\\mck_master\\views.py'] : ProfileList.get in 0:00:00.016195 seconds
2026-01-19 15:01:05,906 INFO *******Starting function ['D:\\Bharath\\bharath\\appsource\\mck_master\\views.py'] : ProfileList.post
2026-01-19 15:01:05,907 INFO *******Starting function ['D:\\Bharath\\bharath\\appsource\\mck_auth\\role_validations.py'] : validate_requested_user_function
2026-01-19 15:01:05,908 INFO *******Finished function ['D:\\Bharath\\bharath\\appsource\\mck_auth\\role_validations.py'] : validate_requested_user_function in 0:00:00.001549 seconds
2026-01-19 15:01:05,908 INFO *******Starting function ['D:\\Bharath\\bharath\\appsource\\mck_auth\\build_table.py'] : build_profile_table
2026-01-19 15:01:05,909 INFO *******Finished function ['D:\\Bharath\\bharath\\appsource\\mck_auth\\build_table.py'] : build_profile_table in 0:00:00.001255 seconds
2026-01-19 15:01:05,909 INFO *******Starting function ['D:\\Bharath\\bharath\\appsource\\mck_master\\api.py'] : profile_load_data
2026-01-19 15:01:05,910 INFO *******Finished function ['D:\\Bharath\\bharath\\appsource\\mck_master\\api.py'] : profile_load_data in 0:00:00.000668 seconds
2026-01-19 15:01:05,910 INFO *******Finished function ['D:\\Bharath\\bharath\\appsource\\mck_master\\views.py'] : ProfileList.post in 0:00:00.003865 seconds
2026-01-19 15:01:07,492 INFO *******Starting function ['D:\\Bharath\\bharath\\appsource\\mck_master\\views.py'] : ProfileCreateView.get
2026-01-19 15:01:07,492 INFO *******Starting function ['D:\\Bharath\\bharath\\appsource\\mck_auth\\role_validations.py'] : validate_requested_user_function
2026-01-19 15:01:07,492 INFO *******Finished function ['D:\\Bharath\\bharath\\appsource\\mck_auth\\role_validations.py'] : validate_requested_user_function in 0:00:00 seconds
2026-01-19 15:01:07,556 INFO *******Finished function ['D:\\Bharath\\bharath\\appsource\\mck_master\\views.py'] : ProfileCreateView.get in 0:00:00.064142 seconds
2026-01-19 15:01:23,551 INFO *******Starting function ['D:\\Bharath\\bharath\\appsource\\mck_master\\views.py'] : ProfileCreateView.post
2026-01-19 15:01:23,551 INFO *******Starting function ['D:\\Bharath\\bharath\\appsource\\mck_auth\\role_validations.py'] : validate_requested_user_function
2026-01-19 15:01:23,552 INFO *******Finished function ['D:\\Bharath\\bharath\\appsource\\mck_auth\\role_validations.py'] : validate_requested_user_function in 0:00:00.001000 seconds
2026-01-19 15:01:23,553 DEBUG <QueryDict: {'csrfmiddlewaretoken': ['uKSDn8YLhS6y3qGVfpWVTKrfiyW0tdtsMkOQYW1QuufxJkVfbEJzq7E33nSzHjYp', 'uKSDn8YLhS6y3qGVfpWVTKrfiyW0tdtsMkOQYW1QuufxJkVfbEJzq7E33nSzHjYp'], 'gender': ['M'], 'dob': ['2025-12-30'], 'marital_status': ['S'], 'religion': ['testssss'], 'caste': ['test'], 'phone': ['2345667898'], 'location': ['AL'], 'education': ['test'], 'occupation': ['test'], 'annual_income': ['0.05'], 'profile_photo': [''], 'bio': [''], 'create_button': ['SAVE']}>
2026-01-19 15:01:23,560 INFO *******Starting function ['D:\\Bharath\\bharath\\appsource\\mck_master\\api.py'] : profile_create_update
2026-01-19 15:01:23,560 INFO *******Starting function ['D:\\Bharath\\bharath\\appsource\\mck_auth\\api.py'] : get_request_accountuser
2026-01-19 15:01:23,561 INFO *******Finished function ['D:\\Bharath\\bharath\\appsource\\mck_auth\\api.py'] : get_request_accountuser in 0:00:00.001008 seconds
2026-01-19 15:01:23,561 ERROR Failed to save profile
Traceback (most recent call last):
  File "D:\Bharath\bharath\appsource\mck_master\api.py", line 1327, in profile_create_update
    defaults={"created_by": str(accountuser.id)}
                                ^^^^^^^^^^^^^^
AttributeError: 'NoneType' object has no attribute 'id'
2026-01-19 15:01:23,563 INFO *******Finished function ['D:\\Bharath\\bharath\\appsource\\mck_master\\api.py'] : profile_create_update in 0:00:00.002649 seconds
2026-01-19 15:01:23,563 DEBUG {}
2026-01-19 15:01:23,564 INFO *******Finished function ['D:\\Bharath\\bharath\\appsource\\mck_master\\views.py'] : ProfileCreateView.post in 0:00:00.012338 seconds
2026-01-19 15:01:23,572 INFO *******Starting function ['D:\\Bharath\\bharath\\appsource\\mck_master\\views.py'] : ProfileList.get
2026-01-19 15:01:23,572 INFO *******Starting function ['D:\\Bharath\\bharath\\appsource\\mck_auth\\role_validations.py'] : validate_requested_user_function
2026-01-19 15:01:23,572 INFO *******Finished function ['D:\\Bharath\\bharath\\appsource\\mck_auth\\role_validations.py'] : validate_requested_user_function in 0:00:00 seconds
2026-01-19 15:01:23,572 INFO *******Starting function ['D:\\Bharath\\bharath\\appsource\\mck_auth\\build_table.py'] : build_profile_table
2026-01-19 15:01:23,572 INFO *******Finished function ['D:\\Bharath\\bharath\\appsource\\mck_auth\\build_table.py'] : build_profile_table in 0:00:00 seconds
2026-01-19 15:01:23,574 INFO *******Finished function ['D:\\Bharath\\bharath\\appsource\\mck_master\\views.py'] : ProfileList.get in 0:00:00.002006 seconds
2026-01-19 15:01:23,684 INFO *******Starting function ['D:\\Bharath\\bharath\\appsource\\mck_master\\views.py'] : ProfileList.post
2026-01-19 15:01:23,684 INFO *******Starting function ['D:\\Bharath\\bharath\\appsource\\mck_auth\\role_validations.py'] : validate_requested_user_function
2026-01-19 15:01:23,686 INFO *******Finished function ['D:\\Bharath\\bharath\\appsource\\mck_auth\\role_validations.py'] : validate_requested_user_function in 0:00:00.001000 seconds
2026-01-19 15:01:23,686 INFO *******Starting function ['D:\\Bharath\\bharath\\appsource\\mck_auth\\build_table.py'] : build_profile_table
2026-01-19 15:01:23,686 INFO *******Finished function ['D:\\Bharath\\bharath\\appsource\\mck_auth\\build_table.py'] : build_profile_table in 0:00:00 seconds
2026-01-19 15:01:23,686 INFO *******Starting function ['D:\\Bharath\\bharath\\appsource\\mck_master\\api.py'] : profile_load_data
2026-01-19 15:01:23,693 INFO *******Finished function ['D:\\Bharath\\bharath\\appsource\\mck_master\\api.py'] : profile_load_data in 0:00:00.007013 seconds
2026-01-19 15:01:23,694 INFO *******Finished function ['D:\\Bharath\\bharath\\appsource\\mck_master\\views.py'] : ProfileList.post in 0:00:00.010001 seconds
2026-01-19 15:04:47,808 INFO *******Starting function ['D:\\Bharath\\bharath\\appsource\\mck_master\\views.py'] : ProfileList.get
2026-01-19 15:04:47,808 INFO *******Starting function ['D:\\Bharath\\bharath\\appsource\\mck_auth\\role_validations.py'] : validate_requested_user_function
2026-01-19 15:04:47,814 INFO *******Finished function ['D:\\Bharath\\bharath\\appsource\\mck_auth\\role_validations.py'] : validate_requested_user_function in 0:00:00.006553 seconds
2026-01-19 15:04:47,814 INFO *******Starting function ['D:\\Bharath\\bharath\\appsource\\mck_auth\\build_table.py'] : build_profile_table
2026-01-19 15:04:47,832 INFO *******Finished function ['D:\\Bharath\\bharath\\appsource\\mck_auth\\build_table.py'] : build_profile_table in 0:00:00.017729 seconds
2026-01-19 15:04:47,846 INFO *******Finished function ['D:\\Bharath\\bharath\\appsource\\mck_master\\views.py'] : ProfileList.get in 0:00:00.038945 seconds
2026-01-19 15:04:47,974 INFO *******Starting function ['D:\\Bharath\\bharath\\appsource\\mck_master\\views.py'] : ProfileList.post
2026-01-19 15:04:47,975 INFO *******Starting function ['D:\\Bharath\\bharath\\appsource\\mck_auth\\role_validations.py'] : validate_requested_user_function
2026-01-19 15:04:47,975 INFO *******Finished function ['D:\\Bharath\\bharath\\appsource\\mck_auth\\role_validations.py'] : validate_requested_user_function in 0:00:00 seconds
2026-01-19 15:04:47,975 INFO *******Starting function ['D:\\Bharath\\bharath\\appsource\\mck_auth\\build_table.py'] : build_profile_table
2026-01-19 15:04:47,976 INFO *******Finished function ['D:\\Bharath\\bharath\\appsource\\mck_auth\\build_table.py'] : build_profile_table in 0:00:00.001010 seconds
2026-01-19 15:04:47,976 INFO *******Starting function ['D:\\Bharath\\bharath\\appsource\\mck_master\\api.py'] : profile_load_data
2026-01-19 15:04:47,983 INFO *******Finished function ['D:\\Bharath\\bharath\\appsource\\mck_master\\api.py'] : profile_load_data in 0:00:00.006402 seconds
2026-01-19 15:04:47,983 INFO *******Finished function ['D:\\Bharath\\bharath\\appsource\\mck_master\\views.py'] : ProfileList.post in 0:00:00.008422 seconds
2026-01-19 15:04:50,643 INFO *******Starting function ['D:\\Bharath\\bharath\\appsource\\mck_master\\views.py'] : ProfileCreateView.get
2026-01-19 15:04:50,643 INFO *******Starting function ['D:\\Bharath\\bharath\\appsource\\mck_auth\\role_validations.py'] : validate_requested_user_function
2026-01-19 15:04:50,644 INFO *******Finished function ['D:\\Bharath\\bharath\\appsource\\mck_auth\\role_validations.py'] : validate_requested_user_function in 0:00:00.001001 seconds
2026-01-19 15:04:50,682 INFO *******Finished function ['D:\\Bharath\\bharath\\appsource\\mck_master\\views.py'] : ProfileCreateView.get in 0:00:00.038953 seconds
2026-01-19 15:05:02,469 INFO *******Starting function ['D:\\Bharath\\bharath\\appsource\\mck_master\\views.py'] : ProfileCreateView.post
2026-01-19 15:05:02,469 INFO *******Starting function ['D:\\Bharath\\bharath\\appsource\\mck_auth\\role_validations.py'] : validate_requested_user_function
2026-01-19 15:05:02,471 INFO *******Finished function ['D:\\Bharath\\bharath\\appsource\\mck_auth\\role_validations.py'] : validate_requested_user_function in 0:00:00.002005 seconds
2026-01-19 15:05:02,472 DEBUG <QueryDict: {'csrfmiddlewaretoken': ['Y1FDzCMex26fypmXBVTDgPU2c1hppDhsgBBQaqPjKEfeejBhxaGhNc7QXQdYDJMp', 'Y1FDzCMex26fypmXBVTDgPU2c1hppDhsgBBQaqPjKEfeejBhxaGhNc7QXQdYDJMp'], 'gender': ['F'], 'dob': ['2025-12-20'], 'marital_status': ['M'], 'religion': ['testssss'], 'caste': ['test'], 'phone': ['2345667898'], 'location': ['AL'], 'education': ['testsss'], 'occupation': ['test'], 'annual_income': ['0.05'], 'profile_photo': [''], 'bio': [''], 'create_button': ['SAVE']}>
2026-01-19 15:05:02,477 INFO *******Starting function ['D:\\Bharath\\bharath\\appsource\\mck_master\\api.py'] : profile_create_update
2026-01-19 15:05:02,484 INFO *******Finished function ['D:\\Bharath\\bharath\\appsource\\mck_master\\api.py'] : profile_create_update in 0:00:00.006885 seconds
2026-01-19 15:05:02,484 DEBUG {'profile_id': 2}
2026-01-19 15:05:02,484 INFO *******Finished function ['D:\\Bharath\\bharath\\appsource\\mck_master\\views.py'] : ProfileCreateView.post in 0:00:00.014880 seconds
2026-01-19 15:05:02,494 INFO *******Starting function ['D:\\Bharath\\bharath\\appsource\\mck_master\\views.py'] : ProfileList.get
2026-01-19 15:05:02,494 INFO *******Starting function ['D:\\Bharath\\bharath\\appsource\\mck_auth\\role_validations.py'] : validate_requested_user_function
2026-01-19 15:05:02,496 INFO *******Finished function ['D:\\Bharath\\bharath\\appsource\\mck_auth\\role_validations.py'] : validate_requested_user_function in 0:00:00.002006 seconds
2026-01-19 15:05:02,496 INFO *******Starting function ['D:\\Bharath\\bharath\\appsource\\mck_auth\\build_table.py'] : build_profile_table
2026-01-19 15:05:02,496 INFO *******Finished function ['D:\\Bharath\\bharath\\appsource\\mck_auth\\build_table.py'] : build_profile_table in 0:00:00 seconds
2026-01-19 15:05:02,497 INFO *******Finished function ['D:\\Bharath\\bharath\\appsource\\mck_master\\views.py'] : ProfileList.get in 0:00:00.003232 seconds
2026-01-19 15:05:02,612 INFO *******Starting function ['D:\\Bharath\\bharath\\appsource\\mck_master\\views.py'] : ProfileList.post
2026-01-19 15:05:02,612 INFO *******Starting function ['D:\\Bharath\\bharath\\appsource\\mck_auth\\role_validations.py'] : validate_requested_user_function
2026-01-19 15:05:02,612 INFO *******Finished function ['D:\\Bharath\\bharath\\appsource\\mck_auth\\role_validations.py'] : validate_requested_user_function in 0:00:00 seconds
2026-01-19 15:05:02,613 INFO *******Starting function ['D:\\Bharath\\bharath\\appsource\\mck_auth\\build_table.py'] : build_profile_table
2026-01-19 15:05:02,613 INFO *******Finished function ['D:\\Bharath\\bharath\\appsource\\mck_auth\\build_table.py'] : build_profile_table in 0:00:00 seconds
2026-01-19 15:05:02,613 INFO *******Starting function ['D:\\Bharath\\bharath\\appsource\\mck_master\\api.py'] : profile_load_data
2026-01-19 15:05:02,619 INFO *******Finished function ['D:\\Bharath\\bharath\\appsource\\mck_master\\api.py'] : profile_load_data in 0:00:00.005536 seconds
2026-01-19 15:05:02,619 INFO *******Finished function ['D:\\Bharath\\bharath\\appsource\\mck_master\\views.py'] : ProfileList.post in 0:00:00.006530 seconds
2026-01-19 15:05:05,125 INFO *******Starting function ['D:\\Bharath\\bharath\\appsource\\mck_master\\views.py'] : ProfileUpdateView.get
2026-01-19 15:05:05,125 INFO *******Starting function ['D:\\Bharath\\bharath\\appsource\\mck_auth\\role_validations.py'] : validate_requested_user_function
2026-01-19 15:05:05,127 INFO *******Finished function ['D:\\Bharath\\bharath\\appsource\\mck_auth\\role_validations.py'] : validate_requested_user_function in 0:00:00.002000 seconds
2026-01-19 15:05:05,127 INFO *******Starting function ['D:\\Bharath\\bharath\\appsource\\mck_master\\api.py'] : profile_retrieve_data
2026-01-19 15:05:05,127 INFO *******Finished function ['D:\\Bharath\\bharath\\appsource\\mck_master\\api.py'] : profile_retrieve_data in 0:00:00 seconds
2026-01-19 15:05:05,146 INFO *******Finished function ['D:\\Bharath\\bharath\\appsource\\mck_master\\views.py'] : ProfileUpdateView.get in 0:00:00.021518 seconds
2026-01-19 15:05:09,884 INFO *******Starting function ['D:\\Bharath\\bharath\\appsource\\mck_master\\views.py'] : ProfileUpdateView.get
2026-01-19 15:05:09,884 INFO *******Starting function ['D:\\Bharath\\bharath\\appsource\\mck_auth\\role_validations.py'] : validate_requested_user_function
2026-01-19 15:05:09,885 INFO *******Finished function ['D:\\Bharath\\bharath\\appsource\\mck_auth\\role_validations.py'] : validate_requested_user_function in 0:00:00.000999 seconds
2026-01-19 15:05:09,885 INFO *******Starting function ['D:\\Bharath\\bharath\\appsource\\mck_master\\api.py'] : profile_retrieve_data
2026-01-19 15:05:09,887 INFO *******Finished function ['D:\\Bharath\\bharath\\appsource\\mck_master\\api.py'] : profile_retrieve_data in 0:00:00.001322 seconds
2026-01-19 15:05:09,934 INFO *******Finished function ['D:\\Bharath\\bharath\\appsource\\mck_master\\views.py'] : ProfileUpdateView.get in 0:00:00.049299 seconds
2026-01-19 15:05:34,039 INFO *******Starting function ['D:\\Bharath\\bharath\\appsource\\mck_website\\views.py'] : EnquiryCreatePage.get
2026-01-19 15:05:34,041 INFO <QueryDict: {}>
2026-01-19 15:05:34,041 INFO *******Finished function ['D:\\Bharath\\bharath\\appsource\\mck_website\\views.py'] : EnquiryCreatePage.get in 0:00:00.002005 seconds
2026-01-19 15:08:55,624 INFO *******Starting function ['D:\\Bharath\\bharath\\appsource\\mck_website\\views.py'] : HomePage.get
2026-01-19 15:08:55,626 INFO <QueryDict: {}>
2026-01-19 15:08:55,636 INFO *******Finished function ['D:\\Bharath\\bharath\\appsource\\mck_website\\views.py'] : HomePage.get in 0:00:00.012086 seconds
2026-01-19 15:08:59,657 INFO *******Starting function ['D:\\Bharath\\bharath\\appsource\\mck_website\\views.py'] : HomePage.get
2026-01-19 15:08:59,657 INFO <QueryDict: {}>
2026-01-19 15:08:59,668 INFO *******Finished function ['D:\\Bharath\\bharath\\appsource\\mck_website\\views.py'] : HomePage.get in 0:00:00.009695 seconds
2026-01-19 15:09:18,213 INFO *******Starting function ['D:\\Bharath\\bharath\\appsource\\mck_master\\views.py'] : ProfileUpdateView.get
2026-01-19 15:09:18,213 INFO *******Starting function ['D:\\Bharath\\bharath\\appsource\\mck_auth\\role_validations.py'] : validate_requested_user_function
2026-01-19 15:09:18,215 INFO *******Finished function ['D:\\Bharath\\bharath\\appsource\\mck_auth\\role_validations.py'] : validate_requested_user_function in 0:00:00.002339 seconds
2026-01-19 15:09:18,215 INFO *******Starting function ['D:\\Bharath\\bharath\\appsource\\mck_master\\api.py'] : profile_retrieve_data
2026-01-19 15:09:18,218 INFO *******Finished function ['D:\\Bharath\\bharath\\appsource\\mck_master\\api.py'] : profile_retrieve_data in 0:00:00.003307 seconds
2026-01-19 15:09:18,240 INFO *******Finished function ['D:\\Bharath\\bharath\\appsource\\mck_master\\views.py'] : ProfileUpdateView.get in 0:00:00.027073 seconds
2026-01-19 15:09:24,041 INFO *******Starting function ['D:\\Bharath\\bharath\\appsource\\mck_master\\views.py'] : ProfileUpdateView.post
2026-01-19 15:09:24,041 INFO *******Starting function ['D:\\Bharath\\bharath\\appsource\\mck_auth\\role_validations.py'] : validate_requested_user_function
2026-01-19 15:09:24,042 INFO *******Finished function ['D:\\Bharath\\bharath\\appsource\\mck_auth\\role_validations.py'] : validate_requested_user_function in 0:00:00.001004 seconds
2026-01-19 15:09:24,042 INFO *******Starting function ['D:\\Bharath\\bharath\\appsource\\mck_master\\api.py'] : profile_retrieve_data
2026-01-19 15:09:24,042 INFO *******Finished function ['D:\\Bharath\\bharath\\appsource\\mck_master\\api.py'] : profile_retrieve_data in 0:00:00 seconds
2026-01-19 15:09:24,288 INFO *******Starting function ['D:\\Bharath\\bharath\\appsource\\mck_master\\api.py'] : profile_create_update
2026-01-19 15:09:24,294 INFO *******Finished function ['D:\\Bharath\\bharath\\appsource\\mck_master\\api.py'] : profile_create_update in 0:00:00.006528 seconds
2026-01-19 15:09:24,294 INFO *******Finished function ['D:\\Bharath\\bharath\\appsource\\mck_master\\views.py'] : ProfileUpdateView.post in 0:00:00.253952 seconds
2026-01-19 15:09:24,305 INFO *******Starting function ['D:\\Bharath\\bharath\\appsource\\mck_master\\views.py'] : ProfileList.get
2026-01-19 15:09:24,305 INFO *******Starting function ['D:\\Bharath\\bharath\\appsource\\mck_auth\\role_validations.py'] : validate_requested_user_function
2026-01-19 15:09:24,306 INFO *******Finished function ['D:\\Bharath\\bharath\\appsource\\mck_auth\\role_validations.py'] : validate_requested_user_function in 0:00:00.000992 seconds
2026-01-19 15:09:24,306 INFO *******Starting function ['D:\\Bharath\\bharath\\appsource\\mck_auth\\build_table.py'] : build_profile_table
2026-01-19 15:09:24,307 INFO *******Finished function ['D:\\Bharath\\bharath\\appsource\\mck_auth\\build_table.py'] : build_profile_table in 0:00:00 seconds
2026-01-19 15:09:24,308 INFO *******Finished function ['D:\\Bharath\\bharath\\appsource\\mck_master\\views.py'] : ProfileList.get in 0:00:00.002999 seconds
2026-01-19 15:09:24,423 INFO *******Starting function ['D:\\Bharath\\bharath\\appsource\\mck_master\\views.py'] : ProfileList.post
2026-01-19 15:09:24,423 INFO *******Starting function ['D:\\Bharath\\bharath\\appsource\\mck_auth\\role_validations.py'] : validate_requested_user_function
2026-01-19 15:09:24,424 INFO *******Finished function ['D:\\Bharath\\bharath\\appsource\\mck_auth\\role_validations.py'] : validate_requested_user_function in 0:00:00.000999 seconds
2026-01-19 15:09:24,424 INFO *******Starting function ['D:\\Bharath\\bharath\\appsource\\mck_auth\\build_table.py'] : build_profile_table
2026-01-19 15:09:24,424 INFO *******Finished function ['D:\\Bharath\\bharath\\appsource\\mck_auth\\build_table.py'] : build_profile_table in 0:00:00 seconds
2026-01-19 15:09:24,424 INFO *******Starting function ['D:\\Bharath\\bharath\\appsource\\mck_master\\api.py'] : profile_load_data
2026-01-19 15:09:24,428 INFO *******Finished function ['D:\\Bharath\\bharath\\appsource\\mck_master\\api.py'] : profile_load_data in 0:00:00.003999 seconds
2026-01-19 15:09:24,428 INFO *******Finished function ['D:\\Bharath\\bharath\\appsource\\mck_master\\views.py'] : ProfileList.post in 0:00:00.004998 seconds
2026-01-19 15:09:29,500 INFO *******Starting function ['D:\\Bharath\\bharath\\appsource\\mck_website\\views.py'] : HomePage.get
2026-01-19 15:09:29,501 INFO <QueryDict: {}>
2026-01-19 15:09:29,505 INFO *******Finished function ['D:\\Bharath\\bharath\\appsource\\mck_website\\views.py'] : HomePage.get in 0:00:00.005651 seconds
2026-01-19 15:14:14,520 INFO *******Starting function ['D:\\Bharath\\bharath\\appsource\\mck_master\\views.py'] : ProfileUpdateView.get
2026-01-19 15:14:14,522 INFO *******Starting function ['D:\\Bharath\\bharath\\appsource\\mck_auth\\role_validations.py'] : validate_requested_user_function
2026-01-19 15:14:14,524 INFO *******Finished function ['D:\\Bharath\\bharath\\appsource\\mck_auth\\role_validations.py'] : validate_requested_user_function in 0:00:00.002004 seconds
2026-01-19 15:14:14,524 INFO *******Starting function ['D:\\Bharath\\bharath\\appsource\\mck_master\\api.py'] : profile_retrieve_data
2026-01-19 15:14:14,526 INFO *******Finished function ['D:\\Bharath\\bharath\\appsource\\mck_master\\api.py'] : profile_retrieve_data in 0:00:00.001999 seconds
2026-01-19 15:14:14,559 INFO *******Finished function ['D:\\Bharath\\bharath\\appsource\\mck_master\\views.py'] : ProfileUpdateView.get in 0:00:00.039239 seconds
2026-01-19 15:14:20,082 INFO *******Starting function ['D:\\Bharath\\bharath\\appsource\\mck_master\\views.py'] : ProfileUpdateView.post
2026-01-19 15:14:20,082 INFO *******Starting function ['D:\\Bharath\\bharath\\appsource\\mck_auth\\role_validations.py'] : validate_requested_user_function
2026-01-19 15:14:20,083 INFO *******Finished function ['D:\\Bharath\\bharath\\appsource\\mck_auth\\role_validations.py'] : validate_requested_user_function in 0:00:00.000945 seconds
2026-01-19 15:14:20,084 INFO *******Starting function ['D:\\Bharath\\bharath\\appsource\\mck_master\\api.py'] : profile_retrieve_data
2026-01-19 15:14:20,084 INFO *******Finished function ['D:\\Bharath\\bharath\\appsource\\mck_master\\api.py'] : profile_retrieve_data in 0:00:00 seconds
2026-01-19 15:14:20,089 INFO *******Starting function ['D:\\Bharath\\bharath\\appsource\\mck_master\\api.py'] : profile_create_update
2026-01-19 15:14:20,093 INFO *******Finished function ['D:\\Bharath\\bharath\\appsource\\mck_master\\api.py'] : profile_create_update in 0:00:00.003997 seconds
2026-01-19 15:14:20,093 INFO *******Finished function ['D:\\Bharath\\bharath\\appsource\\mck_master\\views.py'] : ProfileUpdateView.post in 0:00:00.010943 seconds
2026-01-19 15:14:20,100 INFO *******Starting function ['D:\\Bharath\\bharath\\appsource\\mck_master\\views.py'] : ProfileList.get
2026-01-19 15:14:20,100 INFO *******Starting function ['D:\\Bharath\\bharath\\appsource\\mck_auth\\role_validations.py'] : validate_requested_user_function
2026-01-19 15:14:20,108 INFO *******Finished function ['D:\\Bharath\\bharath\\appsource\\mck_auth\\role_validations.py'] : validate_requested_user_function in 0:00:00.007605 seconds
2026-01-19 15:14:20,108 INFO *******Starting function ['D:\\Bharath\\bharath\\appsource\\mck_auth\\build_table.py'] : build_profile_table
2026-01-19 15:14:20,108 INFO *******Finished function ['D:\\Bharath\\bharath\\appsource\\mck_auth\\build_table.py'] : build_profile_table in 0:00:00 seconds
2026-01-19 15:14:20,108 INFO *******Finished function ['D:\\Bharath\\bharath\\appsource\\mck_master\\views.py'] : ProfileList.get in 0:00:00.007605 seconds
2026-01-19 15:14:20,226 INFO *******Starting function ['D:\\Bharath\\bharath\\appsource\\mck_master\\views.py'] : ProfileList.post
2026-01-19 15:14:20,226 INFO *******Starting function ['D:\\Bharath\\bharath\\appsource\\mck_auth\\role_validations.py'] : validate_requested_user_function
2026-01-19 15:14:20,227 INFO *******Finished function ['D:\\Bharath\\bharath\\appsource\\mck_auth\\role_validations.py'] : validate_requested_user_function in 0:00:00.001328 seconds
2026-01-19 15:14:20,227 INFO *******Starting function ['D:\\Bharath\\bharath\\appsource\\mck_auth\\build_table.py'] : build_profile_table
2026-01-19 15:14:20,227 INFO *******Finished function ['D:\\Bharath\\bharath\\appsource\\mck_auth\\build_table.py'] : build_profile_table in 0:00:00 seconds
2026-01-19 15:14:20,227 INFO *******Starting function ['D:\\Bharath\\bharath\\appsource\\mck_master\\api.py'] : profile_load_data
2026-01-19 15:14:20,237 INFO *******Finished function ['D:\\Bharath\\bharath\\appsource\\mck_master\\api.py'] : profile_load_data in 0:00:00.008991 seconds
2026-01-19 15:14:20,238 INFO *******Finished function ['D:\\Bharath\\bharath\\appsource\\mck_master\\views.py'] : ProfileList.post in 0:00:00.012364 seconds
2026-01-19 15:14:41,322 INFO *******Starting function ['D:\\Bharath\\bharath\\appsource\\mck_website\\views.py'] : HomePage.get
2026-01-19 15:14:41,328 INFO <QueryDict: {}>
2026-01-19 15:14:41,340 INFO *******Finished function ['D:\\Bharath\\bharath\\appsource\\mck_website\\views.py'] : HomePage.get in 0:00:00.017837 seconds
2026-01-19 15:23:50,572 INFO *******Starting function ['D:\\Bharath\\bharath\\appsource\\mck_website\\views.py'] : HomePage.get
2026-01-19 15:23:50,572 INFO <QueryDict: {}>
2026-01-19 15:23:50,618 INFO *******Finished function ['D:\\Bharath\\bharath\\appsource\\mck_website\\views.py'] : HomePage.get in 0:00:00.046675 seconds
2026-01-19 15:24:59,889 INFO *******Starting function ['D:\\Bharath\\bharath\\appsource\\mck_website\\views.py'] : HomePage.get
2026-01-19 15:24:59,892 INFO <QueryDict: {}>
2026-01-19 15:25:00,004 INFO *******Finished function ['D:\\Bharath\\bharath\\appsource\\mck_website\\views.py'] : HomePage.get in 0:00:00.115440 seconds
2026-01-19 15:27:29,756 INFO *******Starting function ['D:\\Bharath\\bharath\\appsource\\mck_website\\views.py'] : HomePage.get
2026-01-19 15:27:29,756 INFO <QueryDict: {}>
2026-01-19 15:27:29,804 INFO *******Finished function ['D:\\Bharath\\bharath\\appsource\\mck_website\\views.py'] : HomePage.get in 0:00:00.048209 seconds
2026-01-19 15:28:55,426 INFO *******Starting function ['D:\\Bharath\\bharath\\appsource\\mck_website\\views.py'] : HomePage.get
2026-01-19 15:28:55,426 INFO <QueryDict: {}>
2026-01-19 15:28:55,516 INFO *******Finished function ['D:\\Bharath\\bharath\\appsource\\mck_website\\views.py'] : HomePage.get in 0:00:00.090856 seconds
2026-01-19 15:29:29,943 INFO *******Starting function ['D:\\Bharath\\bharath\\appsource\\mck_website\\views.py'] : HomePage.get
2026-01-19 15:29:29,943 INFO <QueryDict: {}>
2026-01-19 15:29:30,004 INFO *******Finished function ['D:\\Bharath\\bharath\\appsource\\mck_website\\views.py'] : HomePage.get in 0:00:00.060612 seconds
2026-01-19 15:30:42,685 INFO *******Starting function ['D:\\Bharath\\bharath\\appsource\\mck_website\\views.py'] : HomePage.get
2026-01-19 15:30:42,687 INFO <QueryDict: {}>
2026-01-19 15:30:42,752 INFO *******Finished function ['D:\\Bharath\\bharath\\appsource\\mck_website\\views.py'] : HomePage.get in 0:00:00.067830 seconds
2026-01-19 15:30:56,805 INFO *******Starting function ['D:\\Bharath\\bharath\\appsource\\mck_website\\views.py'] : HomePage.get
2026-01-19 15:30:56,808 INFO <QueryDict: {'listing_type': ['sale'], 'property_type': ['APARTMENT'], 'city': [''], 'budget': ['Above 300k']}>
2026-01-19 15:30:56,813 INFO *******Finished function ['D:\\Bharath\\bharath\\appsource\\mck_website\\views.py'] : HomePage.get in 0:00:00.008219 seconds
2026-01-19 15:37:06,773 INFO *******Starting function ['D:\\Bharath\\bharath\\appsource\\mck_master\\views.py'] : ProfileUpdateView.get
2026-01-19 15:37:06,773 INFO *******Starting function ['D:\\Bharath\\bharath\\appsource\\mck_auth\\role_validations.py'] : validate_requested_user_function
2026-01-19 15:37:06,774 INFO *******Finished function ['D:\\Bharath\\bharath\\appsource\\mck_auth\\role_validations.py'] : validate_requested_user_function in 0:00:00.000999 seconds
2026-01-19 15:37:06,774 INFO *******Starting function ['D:\\Bharath\\bharath\\appsource\\mck_master\\api.py'] : profile_retrieve_data
2026-01-19 15:37:06,775 INFO *******Finished function ['D:\\Bharath\\bharath\\appsource\\mck_master\\api.py'] : profile_retrieve_data in 0:00:00.001000 seconds
2026-01-19 15:37:06,834 INFO *******Finished function ['D:\\Bharath\\bharath\\appsource\\mck_master\\views.py'] : ProfileUpdateView.get in 0:00:00.060477 seconds
2026-01-19 15:37:10,618 INFO *******Starting function ['D:\\Bharath\\bharath\\appsource\\mck_master\\views.py'] : ProfileList.get
2026-01-19 15:37:10,618 INFO *******Starting function ['D:\\Bharath\\bharath\\appsource\\mck_auth\\role_validations.py'] : validate_requested_user_function
2026-01-19 15:37:10,621 INFO *******Finished function ['D:\\Bharath\\bharath\\appsource\\mck_auth\\role_validations.py'] : validate_requested_user_function in 0:00:00.002248 seconds
2026-01-19 15:37:10,621 INFO *******Starting function ['D:\\Bharath\\bharath\\appsource\\mck_auth\\build_table.py'] : build_profile_table
2026-01-19 15:37:10,622 INFO *******Finished function ['D:\\Bharath\\bharath\\appsource\\mck_auth\\build_table.py'] : build_profile_table in 0:00:00.001140 seconds
2026-01-19 15:37:10,626 INFO *******Finished function ['D:\\Bharath\\bharath\\appsource\\mck_master\\views.py'] : ProfileList.get in 0:00:00.007520 seconds
2026-01-19 15:37:10,779 INFO *******Starting function ['D:\\Bharath\\bharath\\appsource\\mck_master\\views.py'] : ProfileList.post
2026-01-19 15:37:10,779 INFO *******Starting function ['D:\\Bharath\\bharath\\appsource\\mck_auth\\role_validations.py'] : validate_requested_user_function
2026-01-19 15:37:10,780 INFO *******Finished function ['D:\\Bharath\\bharath\\appsource\\mck_auth\\role_validations.py'] : validate_requested_user_function in 0:00:00.001007 seconds
2026-01-19 15:37:10,780 INFO *******Starting function ['D:\\Bharath\\bharath\\appsource\\mck_auth\\build_table.py'] : build_profile_table
2026-01-19 15:37:10,780 INFO *******Finished function ['D:\\Bharath\\bharath\\appsource\\mck_auth\\build_table.py'] : build_profile_table in 0:00:00 seconds
2026-01-19 15:37:10,780 INFO *******Starting function ['D:\\Bharath\\bharath\\appsource\\mck_master\\api.py'] : profile_load_data
2026-01-19 15:37:10,785 INFO *******Finished function ['D:\\Bharath\\bharath\\appsource\\mck_master\\api.py'] : profile_load_data in 0:00:00.004919 seconds
2026-01-19 15:37:10,785 INFO *******Finished function ['D:\\Bharath\\bharath\\appsource\\mck_master\\views.py'] : ProfileList.post in 0:00:00.005926 seconds
2026-01-19 15:37:12,732 INFO *******Starting function ['D:\\Bharath\\bharath\\appsource\\mck_master\\views.py'] : ProfileUpdateView.get
2026-01-19 15:37:12,732 INFO *******Starting function ['D:\\Bharath\\bharath\\appsource\\mck_auth\\role_validations.py'] : validate_requested_user_function
2026-01-19 15:37:12,734 INFO *******Finished function ['D:\\Bharath\\bharath\\appsource\\mck_auth\\role_validations.py'] : validate_requested_user_function in 0:00:00.002355 seconds
2026-01-19 15:37:12,734 INFO *******Starting function ['D:\\Bharath\\bharath\\appsource\\mck_master\\api.py'] : profile_retrieve_data
2026-01-19 15:37:12,736 INFO *******Finished function ['D:\\Bharath\\bharath\\appsource\\mck_master\\api.py'] : profile_retrieve_data in 0:00:00.002021 seconds
2026-01-19 15:37:12,753 INFO *******Finished function ['D:\\Bharath\\bharath\\appsource\\mck_master\\views.py'] : ProfileUpdateView.get in 0:00:00.020860 seconds
2026-01-19 15:37:17,922 INFO *******Starting function ['D:\\Bharath\\bharath\\appsource\\mck_master\\views.py'] : ProfileUpdateView.post
2026-01-19 15:37:17,922 INFO *******Starting function ['D:\\Bharath\\bharath\\appsource\\mck_auth\\role_validations.py'] : validate_requested_user_function
2026-01-19 15:37:17,925 INFO *******Finished function ['D:\\Bharath\\bharath\\appsource\\mck_auth\\role_validations.py'] : validate_requested_user_function in 0:00:00.002997 seconds
2026-01-19 15:37:17,926 INFO *******Starting function ['D:\\Bharath\\bharath\\appsource\\mck_master\\api.py'] : profile_retrieve_data
2026-01-19 15:37:17,928 INFO *******Finished function ['D:\\Bharath\\bharath\\appsource\\mck_master\\api.py'] : profile_retrieve_data in 0:00:00.002019 seconds
2026-01-19 15:37:17,936 INFO *******Starting function ['D:\\Bharath\\bharath\\appsource\\mck_master\\api.py'] : profile_create_update
2026-01-19 15:37:17,940 INFO *******Finished function ['D:\\Bharath\\bharath\\appsource\\mck_master\\api.py'] : profile_create_update in 0:00:00.004032 seconds
2026-01-19 15:37:17,940 INFO *******Finished function ['D:\\Bharath\\bharath\\appsource\\mck_master\\views.py'] : ProfileUpdateView.post in 0:00:00.017747 seconds
2026-01-19 15:37:17,955 INFO *******Starting function ['D:\\Bharath\\bharath\\appsource\\mck_master\\views.py'] : ProfileList.get
2026-01-19 15:37:17,955 INFO *******Starting function ['D:\\Bharath\\bharath\\appsource\\mck_auth\\role_validations.py'] : validate_requested_user_function
2026-01-19 15:37:17,955 INFO *******Finished function ['D:\\Bharath\\bharath\\appsource\\mck_auth\\role_validations.py'] : validate_requested_user_function in 0:00:00 seconds
2026-01-19 15:37:17,955 INFO *******Starting function ['D:\\Bharath\\bharath\\appsource\\mck_auth\\build_table.py'] : build_profile_table
2026-01-19 15:37:17,955 INFO *******Finished function ['D:\\Bharath\\bharath\\appsource\\mck_auth\\build_table.py'] : build_profile_table in 0:00:00 seconds
2026-01-19 15:37:17,970 INFO *******Finished function ['D:\\Bharath\\bharath\\appsource\\mck_master\\views.py'] : ProfileList.get in 0:00:00.014377 seconds
2026-01-19 15:37:18,078 INFO *******Starting function ['D:\\Bharath\\bharath\\appsource\\mck_master\\views.py'] : ProfileList.post
2026-01-19 15:37:18,079 INFO *******Starting function ['D:\\Bharath\\bharath\\appsource\\mck_auth\\role_validations.py'] : validate_requested_user_function
2026-01-19 15:37:18,080 INFO *******Finished function ['D:\\Bharath\\bharath\\appsource\\mck_auth\\role_validations.py'] : validate_requested_user_function in 0:00:00.000999 seconds
2026-01-19 15:37:18,081 INFO *******Starting function ['D:\\Bharath\\bharath\\appsource\\mck_auth\\build_table.py'] : build_profile_table
2026-01-19 15:37:18,081 INFO *******Finished function ['D:\\Bharath\\bharath\\appsource\\mck_auth\\build_table.py'] : build_profile_table in 0:00:00 seconds
2026-01-19 15:37:18,081 INFO *******Starting function ['D:\\Bharath\\bharath\\appsource\\mck_master\\api.py'] : profile_load_data
2026-01-19 15:37:18,097 INFO *******Finished function ['D:\\Bharath\\bharath\\appsource\\mck_master\\api.py'] : profile_load_data in 0:00:00.016665 seconds
2026-01-19 15:37:18,097 INFO *******Finished function ['D:\\Bharath\\bharath\\appsource\\mck_master\\views.py'] : ProfileList.post in 0:00:00.019665 seconds
2026-01-19 15:37:20,002 INFO *******Starting function ['D:\\Bharath\\bharath\\appsource\\mck_master\\views.py'] : ProfileUpdateView.get
2026-01-19 15:37:20,002 INFO *******Starting function ['D:\\Bharath\\bharath\\appsource\\mck_auth\\role_validations.py'] : validate_requested_user_function
2026-01-19 15:37:20,004 INFO *******Finished function ['D:\\Bharath\\bharath\\appsource\\mck_auth\\role_validations.py'] : validate_requested_user_function in 0:00:00.001247 seconds
2026-01-19 15:37:20,004 INFO *******Starting function ['D:\\Bharath\\bharath\\appsource\\mck_master\\api.py'] : profile_retrieve_data
2026-01-19 15:37:20,005 INFO *******Finished function ['D:\\Bharath\\bharath\\appsource\\mck_master\\api.py'] : profile_retrieve_data in 0:00:00.001426 seconds
2026-01-19 15:37:20,024 INFO *******Finished function ['D:\\Bharath\\bharath\\appsource\\mck_master\\views.py'] : ProfileUpdateView.get in 0:00:00.021523 seconds
2026-01-19 15:37:22,119 INFO *******Starting function ['D:\\Bharath\\bharath\\appsource\\mck_master\\views.py'] : ProfileList.get
2026-01-19 15:37:22,119 INFO *******Starting function ['D:\\Bharath\\bharath\\appsource\\mck_auth\\role_validations.py'] : validate_requested_user_function
2026-01-19 15:37:22,121 INFO *******Finished function ['D:\\Bharath\\bharath\\appsource\\mck_auth\\role_validations.py'] : validate_requested_user_function in 0:00:00.002005 seconds
2026-01-19 15:37:22,121 INFO *******Starting function ['D:\\Bharath\\bharath\\appsource\\mck_auth\\build_table.py'] : build_profile_table
2026-01-19 15:37:22,121 INFO *******Finished function ['D:\\Bharath\\bharath\\appsource\\mck_auth\\build_table.py'] : build_profile_table in 0:00:00 seconds
2026-01-19 15:37:22,122 INFO *******Finished function ['D:\\Bharath\\bharath\\appsource\\mck_master\\views.py'] : ProfileList.get in 0:00:00.002999 seconds
2026-01-19 15:37:22,217 INFO *******Starting function ['D:\\Bharath\\bharath\\appsource\\mck_master\\views.py'] : ProfileList.post
2026-01-19 15:37:22,217 INFO *******Starting function ['D:\\Bharath\\bharath\\appsource\\mck_auth\\role_validations.py'] : validate_requested_user_function
2026-01-19 15:37:22,220 INFO *******Finished function ['D:\\Bharath\\bharath\\appsource\\mck_auth\\role_validations.py'] : validate_requested_user_function in 0:00:00.002377 seconds
2026-01-19 15:37:22,220 INFO *******Starting function ['D:\\Bharath\\bharath\\appsource\\mck_auth\\build_table.py'] : build_profile_table
2026-01-19 15:37:22,221 INFO *******Finished function ['D:\\Bharath\\bharath\\appsource\\mck_auth\\build_table.py'] : build_profile_table in 0:00:00.000989 seconds
2026-01-19 15:37:22,221 INFO *******Starting function ['D:\\Bharath\\bharath\\appsource\\mck_master\\api.py'] : profile_load_data
2026-01-19 15:37:22,228 INFO *******Finished function ['D:\\Bharath\\bharath\\appsource\\mck_master\\api.py'] : profile_load_data in 0:00:00.007110 seconds
2026-01-19 15:37:22,228 INFO *******Finished function ['D:\\Bharath\\bharath\\appsource\\mck_master\\views.py'] : ProfileList.post in 0:00:00.010476 seconds
2026-01-19 15:39:31,434 INFO *******Starting function ['D:\\Bharath\\bharath\\appsource\\mck_website\\views.py'] : HomePage.get
2026-01-19 15:39:31,436 INFO <QueryDict: {}>
2026-01-19 15:39:31,484 INFO *******Finished function ['D:\\Bharath\\bharath\\appsource\\mck_website\\views.py'] : HomePage.get in 0:00:00.050079 seconds
2026-01-19 15:48:49,134 INFO *******Starting function ['D:\\Bharath\\bharath\\appsource\\mck_website\\views.py'] : PropertyLegalServicesPage.get
2026-01-19 15:48:49,137 INFO <QueryDict: {}>
2026-01-19 15:48:49,186 INFO *******Finished function ['D:\\Bharath\\bharath\\appsource\\mck_website\\views.py'] : PropertyLegalServicesPage.get in 0:00:00.051351 seconds
2026-01-19 15:50:39,665 INFO *******Starting function ['D:\\Bharath\\bharath\\appsource\\mck_website\\views.py'] : HomePage.get
2026-01-19 15:50:39,667 INFO <QueryDict: {}>
2026-01-19 15:50:39,702 ERROR Function 'HomePage.get' raised TemplateSyntaxError with error 'Could not parse the remainder: ''mck_website:pricing' from ''mck_website:pricing''
2026-01-19 15:51:00,834 INFO *******Starting function ['D:\\Bharath\\bharath\\appsource\\mck_website\\views.py'] : HomePage.get
2026-01-19 15:51:00,837 INFO <QueryDict: {}>
2026-01-19 15:51:00,908 INFO *******Finished function ['D:\\Bharath\\bharath\\appsource\\mck_website\\views.py'] : HomePage.get in 0:00:00.073491 seconds
2026-01-19 15:51:07,414 INFO *******Starting function ['D:\\Bharath\\bharath\\appsource\\mck_website\\views.py'] : PropertyLegalServicesPage.get
2026-01-19 15:51:07,414 INFO <QueryDict: {}>
2026-01-19 15:51:07,433 ERROR Function 'PropertyLegalServicesPage.get' raised NoReverseMatch with error 'Reverse for 'property_legal_services_page' not found. 'property_legal_services_page' is not a valid view function or pattern name.'
2026-01-19 15:51:52,540 INFO *******Starting function ['D:\\Bharath\\bharath\\appsource\\mck_website\\views.py'] : PropertyLegalServicesPage.get
2026-01-19 15:51:52,540 INFO <QueryDict: {}>
2026-01-19 15:51:52,577 INFO *******Finished function ['D:\\Bharath\\bharath\\appsource\\mck_website\\views.py'] : PropertyLegalServicesPage.get in 0:00:00.036277 seconds
2026-01-19 15:52:01,905 INFO *******Starting function ['D:\\Bharath\\bharath\\appsource\\mck_website\\views.py'] : HomePage.get
2026-01-19 15:52:01,905 INFO <QueryDict: {}>
2026-01-19 15:52:01,908 INFO *******Finished function ['D:\\Bharath\\bharath\\appsource\\mck_website\\views.py'] : HomePage.get in 0:00:00.003302 seconds
2026-01-19 15:52:34,319 INFO *******Starting function ['D:\\Bharath\\bharath\\appsource\\mck_website\\views.py'] : HomePage.get
2026-01-19 15:52:34,320 INFO <QueryDict: {}>
2026-01-19 15:52:34,371 INFO *******Finished function ['D:\\Bharath\\bharath\\appsource\\mck_website\\views.py'] : HomePage.get in 0:00:00.052069 seconds
2026-01-19 15:56:10,572 INFO *******Starting function ['D:\\Bharath\\bharath\\appsource\\mck_website\\views.py'] : HomePage.get
2026-01-19 15:56:10,574 INFO <QueryDict: {}>
2026-01-19 15:56:10,588 INFO *******Finished function ['D:\\Bharath\\bharath\\appsource\\mck_website\\views.py'] : HomePage.get in 0:00:00.016691 seconds
2026-01-19 16:00:23,787 INFO *******Starting function ['D:\\Bharath\\bharath\\appsource\\mck_website\\views.py'] : HomePage.get
2026-01-19 16:00:23,788 INFO <QueryDict: {}>
2026-01-19 16:00:23,792 INFO *******Finished function ['D:\\Bharath\\bharath\\appsource\\mck_website\\views.py'] : HomePage.get in 0:00:00.004539 seconds
2026-01-19 16:00:53,307 INFO *******Starting function ['D:\\Bharath\\bharath\\appsource\\mck_website\\views.py'] : HomePage.get
2026-01-19 16:00:53,309 INFO <QueryDict: {}>
2026-01-19 16:00:53,337 INFO *******Finished function ['D:\\Bharath\\bharath\\appsource\\mck_website\\views.py'] : HomePage.get in 0:00:00.030013 seconds
2026-01-19 16:01:17,817 INFO *******Starting function ['D:\\Bharath\\bharath\\appsource\\mck_website\\views.py'] : HomePage.get
2026-01-19 16:01:17,818 INFO <QueryDict: {}>
2026-01-19 16:01:17,848 INFO *******Finished function ['D:\\Bharath\\bharath\\appsource\\mck_website\\views.py'] : HomePage.get in 0:00:00.030888 seconds
2026-01-19 16:01:25,907 INFO *******Starting function ['D:\\Bharath\\bharath\\appsource\\mck_website\\views.py'] : HomePage.get
2026-01-19 16:01:25,908 INFO <QueryDict: {}>
2026-01-19 16:01:25,914 INFO *******Finished function ['D:\\Bharath\\bharath\\appsource\\mck_website\\views.py'] : HomePage.get in 0:00:00.007999 seconds
2026-01-19 16:05:15,034 INFO *******Starting function ['D:\\Bharath\\bharath\\appsource\\mck_website\\views.py'] : HomePage.get
2026-01-19 16:05:15,038 INFO <QueryDict: {}>
2026-01-19 16:05:15,190 ERROR Function 'HomePage.get' raised NoReverseMatch with error 'Reverse for 'profile_detail' with arguments '('',)' not found. 1 pattern(s) tried: ['profile/(?P<pk>[0-9]+)/\\Z']'
2026-01-19 16:06:53,796 INFO *******Starting function ['D:\\Bharath\\bharath\\appsource\\mck_website\\views.py'] : HomePage.get
2026-01-19 16:06:53,798 INFO <QueryDict: {}>
2026-01-19 16:06:53,813 INFO *******Finished function ['D:\\Bharath\\bharath\\appsource\\mck_website\\views.py'] : HomePage.get in 0:00:00.017215 seconds
2026-01-19 16:14:29,430 INFO *******Starting function ['D:\\Bharath\\bharath\\appsource\\mck_master\\views.py'] : ProfileList.get
2026-01-19 16:14:29,431 INFO *******Starting function ['D:\\Bharath\\bharath\\appsource\\mck_auth\\role_validations.py'] : validate_requested_user_function
2026-01-19 16:14:29,435 INFO *******Finished function ['D:\\Bharath\\bharath\\appsource\\mck_auth\\role_validations.py'] : validate_requested_user_function in 0:00:00.004002 seconds
2026-01-19 16:14:29,435 INFO *******Starting function ['D:\\Bharath\\bharath\\appsource\\mck_auth\\build_table.py'] : build_profile_table
2026-01-19 16:14:29,439 INFO *******Finished function ['D:\\Bharath\\bharath\\appsource\\mck_auth\\build_table.py'] : build_profile_table in 0:00:00.003938 seconds
2026-01-19 16:14:29,469 INFO *******Finished function ['D:\\Bharath\\bharath\\appsource\\mck_master\\views.py'] : ProfileList.get in 0:00:00.039282 seconds
2026-01-19 16:14:29,719 INFO *******Starting function ['D:\\Bharath\\bharath\\appsource\\mck_master\\views.py'] : ProfileList.post
2026-01-19 16:14:29,719 INFO *******Starting function ['D:\\Bharath\\bharath\\appsource\\mck_auth\\role_validations.py'] : validate_requested_user_function
2026-01-19 16:14:29,721 INFO *******Finished function ['D:\\Bharath\\bharath\\appsource\\mck_auth\\role_validations.py'] : validate_requested_user_function in 0:00:00.001651 seconds
2026-01-19 16:14:29,721 INFO *******Starting function ['D:\\Bharath\\bharath\\appsource\\mck_auth\\build_table.py'] : build_profile_table
2026-01-19 16:14:29,721 INFO *******Finished function ['D:\\Bharath\\bharath\\appsource\\mck_auth\\build_table.py'] : build_profile_table in 0:00:00 seconds
2026-01-19 16:14:29,721 INFO *******Starting function ['D:\\Bharath\\bharath\\appsource\\mck_master\\api.py'] : profile_load_data
2026-01-19 16:14:29,721 INFO *******Finished function ['D:\\Bharath\\bharath\\appsource\\mck_master\\api.py'] : profile_load_data in 0:00:00 seconds
2026-01-19 16:14:29,721 INFO *******Finished function ['D:\\Bharath\\bharath\\appsource\\mck_master\\views.py'] : ProfileList.post in 0:00:00.001651 seconds
2026-01-19 16:14:32,467 INFO *******Starting function ['D:\\Bharath\\bharath\\appsource\\mck_admin_console\\views.py'] : DashboardView.get
2026-01-19 16:14:32,467 INFO *******Starting function ['D:\\Bharath\\bharath\\appsource\\mck_auth\\role_validations.py'] : validate_requested_user_function
2026-01-19 16:14:32,468 INFO *******Finished function ['D:\\Bharath\\bharath\\appsource\\mck_auth\\role_validations.py'] : validate_requested_user_function in 0:00:00.001001 seconds
2026-01-19 16:14:32,498 INFO *******Finished function ['D:\\Bharath\\bharath\\appsource\\mck_admin_console\\views.py'] : DashboardView.get in 0:00:00.031131 seconds
2026-01-19 16:14:33,912 INFO *******Starting function ['D:\\Bharath\\bharath\\appsource\\mck_website\\views.py'] : EnquiryCreatePage.get
2026-01-19 16:14:33,912 INFO <QueryDict: {}>
2026-01-19 16:14:33,914 INFO *******Finished function ['D:\\Bharath\\bharath\\appsource\\mck_website\\views.py'] : EnquiryCreatePage.get in 0:00:00.002391 seconds
2026-01-19 16:14:56,307 INFO *******Starting function ['D:\\Bharath\\bharath\\appsource\\mck_admin_console\\views.py'] : DashboardView.get
2026-01-19 16:14:56,307 INFO *******Starting function ['D:\\Bharath\\bharath\\appsource\\mck_auth\\role_validations.py'] : validate_requested_user_function
2026-01-19 16:14:56,308 INFO *******Finished function ['D:\\Bharath\\bharath\\appsource\\mck_auth\\role_validations.py'] : validate_requested_user_function in 0:00:00.000973 seconds
2026-01-19 16:14:56,333 INFO *******Finished function ['D:\\Bharath\\bharath\\appsource\\mck_admin_console\\views.py'] : DashboardView.get in 0:00:00.025413 seconds
2026-01-19 16:16:34,395 INFO *******Starting function ['D:\\Bharath\\bharath\\appsource\\mck_admin_console\\views.py'] : DashboardView.get
2026-01-19 16:16:34,395 INFO *******Starting function ['D:\\Bharath\\bharath\\appsource\\mck_auth\\role_validations.py'] : validate_requested_user_function
2026-01-19 16:16:34,395 INFO *******Finished function ['D:\\Bharath\\bharath\\appsource\\mck_auth\\role_validations.py'] : validate_requested_user_function in 0:00:00 seconds
2026-01-19 16:16:34,434 INFO *******Finished function ['D:\\Bharath\\bharath\\appsource\\mck_admin_console\\views.py'] : DashboardView.get in 0:00:00.039550 seconds
2026-01-19 16:16:46,963 INFO *******Starting function ['D:\\Bharath\\bharath\\appsource\\mck_master\\views.py'] : ProfileList.get
2026-01-19 16:16:46,963 INFO *******Starting function ['D:\\Bharath\\bharath\\appsource\\mck_auth\\role_validations.py'] : validate_requested_user_function
2026-01-19 16:16:46,964 INFO *******Finished function ['D:\\Bharath\\bharath\\appsource\\mck_auth\\role_validations.py'] : validate_requested_user_function in 0:00:00.001433 seconds
2026-01-19 16:16:46,964 INFO *******Starting function ['D:\\Bharath\\bharath\\appsource\\mck_auth\\build_table.py'] : build_profile_table
2026-01-19 16:16:46,964 INFO *******Finished function ['D:\\Bharath\\bharath\\appsource\\mck_auth\\build_table.py'] : build_profile_table in 0:00:00 seconds
2026-01-19 16:16:46,975 INFO *******Finished function ['D:\\Bharath\\bharath\\appsource\\mck_master\\views.py'] : ProfileList.get in 0:00:00.011994 seconds
2026-01-19 16:16:47,117 INFO *******Starting function ['D:\\Bharath\\bharath\\appsource\\mck_master\\views.py'] : ProfileList.post
2026-01-19 16:16:47,117 INFO *******Starting function ['D:\\Bharath\\bharath\\appsource\\mck_auth\\role_validations.py'] : validate_requested_user_function
2026-01-19 16:16:47,118 INFO *******Finished function ['D:\\Bharath\\bharath\\appsource\\mck_auth\\role_validations.py'] : validate_requested_user_function in 0:00:00.000433 seconds
2026-01-19 16:16:47,118 INFO *******Starting function ['D:\\Bharath\\bharath\\appsource\\mck_auth\\build_table.py'] : build_profile_table
2026-01-19 16:16:47,119 INFO *******Finished function ['D:\\Bharath\\bharath\\appsource\\mck_auth\\build_table.py'] : build_profile_table in 0:00:00.001265 seconds
2026-01-19 16:16:47,119 INFO *******Starting function ['D:\\Bharath\\bharath\\appsource\\mck_master\\api.py'] : profile_load_data
2026-01-19 16:16:47,127 INFO *******Finished function ['D:\\Bharath\\bharath\\appsource\\mck_master\\api.py'] : profile_load_data in 0:00:00.007955 seconds
2026-01-19 16:16:47,128 INFO *******Finished function ['D:\\Bharath\\bharath\\appsource\\mck_master\\views.py'] : ProfileList.post in 0:00:00.009653 seconds
2026-01-19 16:16:49,563 INFO *******Starting function ['D:\\Bharath\\bharath\\appsource\\mck_master\\views.py'] : ProfileCreateView.get
2026-01-19 16:16:49,563 INFO *******Starting function ['D:\\Bharath\\bharath\\appsource\\mck_auth\\role_validations.py'] : validate_requested_user_function
2026-01-19 16:16:49,564 INFO *******Finished function ['D:\\Bharath\\bharath\\appsource\\mck_auth\\role_validations.py'] : validate_requested_user_function in 0:00:00.001461 seconds
2026-01-19 16:16:49,612 INFO *******Finished function ['D:\\Bharath\\bharath\\appsource\\mck_master\\views.py'] : ProfileCreateView.get in 0:00:00.049120 seconds
2026-01-19 16:17:20,543 INFO *******Starting function ['D:\\Bharath\\bharath\\appsource\\mck_master\\views.py'] : ProfileList.get
2026-01-19 16:17:20,544 INFO *******Starting function ['D:\\Bharath\\bharath\\appsource\\mck_auth\\role_validations.py'] : validate_requested_user_function
2026-01-19 16:17:20,545 INFO *******Finished function ['D:\\Bharath\\bharath\\appsource\\mck_auth\\role_validations.py'] : validate_requested_user_function in 0:00:00.000997 seconds
2026-01-19 16:17:20,545 INFO *******Starting function ['D:\\Bharath\\bharath\\appsource\\mck_auth\\build_table.py'] : build_profile_table
2026-01-19 16:17:20,545 INFO *******Finished function ['D:\\Bharath\\bharath\\appsource\\mck_auth\\build_table.py'] : build_profile_table in 0:00:00 seconds
2026-01-19 16:17:20,563 INFO *******Finished function ['D:\\Bharath\\bharath\\appsource\\mck_master\\views.py'] : ProfileList.get in 0:00:00.019056 seconds
2026-01-19 16:17:20,660 INFO *******Starting function ['D:\\Bharath\\bharath\\appsource\\mck_master\\views.py'] : ProfileList.post
2026-01-19 16:17:20,660 INFO *******Starting function ['D:\\Bharath\\bharath\\appsource\\mck_auth\\role_validations.py'] : validate_requested_user_function
2026-01-19 16:17:20,662 INFO *******Finished function ['D:\\Bharath\\bharath\\appsource\\mck_auth\\role_validations.py'] : validate_requested_user_function in 0:00:00.001756 seconds
2026-01-19 16:17:20,663 INFO *******Starting function ['D:\\Bharath\\bharath\\appsource\\mck_auth\\build_table.py'] : build_profile_table
2026-01-19 16:17:20,663 INFO *******Finished function ['D:\\Bharath\\bharath\\appsource\\mck_auth\\build_table.py'] : build_profile_table in 0:00:00.000525 seconds
2026-01-19 16:17:20,663 INFO *******Starting function ['D:\\Bharath\\bharath\\appsource\\mck_master\\api.py'] : profile_load_data
2026-01-19 16:17:20,666 INFO *******Finished function ['D:\\Bharath\\bharath\\appsource\\mck_master\\api.py'] : profile_load_data in 0:00:00.003030 seconds
2026-01-19 16:17:20,666 INFO *******Finished function ['D:\\Bharath\\bharath\\appsource\\mck_master\\views.py'] : ProfileList.post in 0:00:00.005311 seconds
2026-01-19 16:17:23,345 INFO *******Starting function ['D:\\Bharath\\bharath\\appsource\\mck_website\\views.py'] : HomePage.get
2026-01-19 16:17:23,346 INFO <QueryDict: {}>
2026-01-19 16:17:23,359 INFO *******Finished function ['D:\\Bharath\\bharath\\appsource\\mck_website\\views.py'] : HomePage.get in 0:00:00.014784 seconds
2026-01-19 16:17:57,310 INFO *******Starting function ['D:\\Bharath\\bharath\\appsource\\mck_auth\\views.py'] : WebsiteLogOut.get_redirect_url
2026-01-19 16:17:57,329 INFO *******Finished function ['D:\\Bharath\\bharath\\appsource\\mck_auth\\views.py'] : WebsiteLogOut.get_redirect_url in 0:00:00.019649 seconds
2026-01-19 16:17:57,334 INFO *******Starting function ['D:\\Bharath\\bharath\\appsource\\mck_website\\views.py'] : HomePage.get
2026-01-19 16:17:57,335 INFO <QueryDict: {}>
2026-01-19 16:17:57,346 INFO *******Finished function ['D:\\Bharath\\bharath\\appsource\\mck_website\\views.py'] : HomePage.get in 0:00:00.012125 seconds
2026-01-19 16:17:59,110 INFO *******Starting function ['D:\\Bharath\\bharath\\appsource\\mck_auth\\views.py'] : WebsiteSignIn.get
2026-01-19 16:17:59,207 INFO *******Finished function ['D:\\Bharath\\bharath\\appsource\\mck_auth\\views.py'] : WebsiteSignIn.get in 0:00:00.096719 seconds
2026-01-19 16:18:01,540 INFO *******Starting function ['D:\\Bharath\\bharath\\appsource\\mck_auth\\views.py'] : WebsiteSignUp.get
2026-01-19 16:18:01,565 INFO *******Finished function ['D:\\Bharath\\bharath\\appsource\\mck_auth\\views.py'] : WebsiteSignUp.get in 0:00:00.024426 seconds
2026-01-19 16:18:02,624 INFO *******Starting function ['D:\\Bharath\\bharath\\appsource\\mck_auth\\views.py'] : WebsiteSignIn.get
2026-01-19 16:18:02,627 INFO *******Finished function ['D:\\Bharath\\bharath\\appsource\\mck_auth\\views.py'] : WebsiteSignIn.get in 0:00:00.003284 seconds
2026-01-19 16:18:03,267 INFO *******Starting function ['D:\\Bharath\\bharath\\appsource\\mck_auth\\views.py'] : WebsiteSignUp.get
2026-01-19 16:18:03,273 INFO *******Finished function ['D:\\Bharath\\bharath\\appsource\\mck_auth\\views.py'] : WebsiteSignUp.get in 0:00:00.006145 seconds
2026-01-19 16:18:03,971 INFO *******Starting function ['D:\\Bharath\\bharath\\appsource\\mck_auth\\views.py'] : WebsiteSignIn.get
2026-01-19 16:18:03,974 INFO *******Finished function ['D:\\Bharath\\bharath\\appsource\\mck_auth\\views.py'] : WebsiteSignIn.get in 0:00:00.003625 seconds
2026-01-19 16:18:04,513 INFO *******Starting function ['D:\\Bharath\\bharath\\appsource\\mck_auth\\views.py'] : WebsiteSignUp.get
2026-01-19 16:18:04,513 INFO *******Finished function ['D:\\Bharath\\bharath\\appsource\\mck_auth\\views.py'] : WebsiteSignUp.get in 0:00:00 seconds
2026-01-19 16:20:46,981 INFO *******Starting function ['D:\\Bharath\\bharath\\appsource\\mck_auth\\views.py'] : WebsiteSignIn.get
2026-01-19 16:20:47,005 INFO *******Finished function ['D:\\Bharath\\bharath\\appsource\\mck_auth\\views.py'] : WebsiteSignIn.get in 0:00:00.024453 seconds
2026-01-19 16:21:00,276 INFO *******Starting function ['D:\\Bharath\\bharath\\appsource\\mck_auth\\views.py'] : WebsiteSignIn.post
2026-01-19 16:21:00,276 INFO *******Starting function ['D:\\Bharath\\bharath\\appsource\\mck_auth\\api.py'] : user_login
2026-01-19 16:21:00,293 INFO *******Finished function ['D:\\Bharath\\bharath\\appsource\\mck_auth\\api.py'] : user_login in 0:00:00.017372 seconds
2026-01-19 16:21:00,295 INFO False Invalid User and Password combination {}
2026-01-19 16:21:00,296 INFO *******Finished function ['D:\\Bharath\\bharath\\appsource\\mck_auth\\views.py'] : WebsiteSignIn.post in 0:00:00.019784 seconds
2026-01-19 16:21:10,574 INFO *******Starting function ['D:\\Bharath\\bharath\\appsource\\mck_auth\\views.py'] : WebsiteSignIn.post
2026-01-19 16:21:10,574 INFO *******Starting function ['D:\\Bharath\\bharath\\appsource\\mck_auth\\api.py'] : user_login
2026-01-19 16:21:10,574 INFO *******Finished function ['D:\\Bharath\\bharath\\appsource\\mck_auth\\api.py'] : user_login in 0:00:00 seconds
2026-01-19 16:21:10,574 INFO False Invalid User and Password combination {}
2026-01-19 16:21:10,574 INFO *******Finished function ['D:\\Bharath\\bharath\\appsource\\mck_auth\\views.py'] : WebsiteSignIn.post in 0:00:00 seconds
2026-01-19 16:21:23,805 INFO *******Starting function ['D:\\Bharath\\bharath\\appsource\\mck_auth\\views.py'] : WebsiteSignIn.post
2026-01-19 16:21:23,805 INFO *******Starting function ['D:\\Bharath\\bharath\\appsource\\mck_auth\\api.py'] : user_login
2026-01-19 16:21:23,821 INFO *******Finished function ['D:\\Bharath\\bharath\\appsource\\mck_auth\\api.py'] : user_login in 0:00:00.015377 seconds
2026-01-19 16:21:23,822 INFO False Website users cannot login here. Please use the admin login. {}
2026-01-19 16:21:23,824 INFO *******Finished function ['D:\\Bharath\\bharath\\appsource\\mck_auth\\views.py'] : WebsiteSignIn.post in 0:00:00.018982 seconds
2026-01-19 16:21:29,087 INFO *******Starting function ['D:\\Bharath\\bharath\\appsource\\mck_auth\\views.py'] : WebsiteSignUp.get
2026-01-19 16:21:29,093 INFO *******Finished function ['D:\\Bharath\\bharath\\appsource\\mck_auth\\views.py'] : WebsiteSignUp.get in 0:00:00.005751 seconds
2026-01-19 16:21:40,289 INFO *******Starting function ['D:\\Bharath\\bharath\\appsource\\mck_auth\\views.py'] : WebsiteSignUp.post
2026-01-19 16:21:40,289 INFO *******Starting function ['D:\\Bharath\\bharath\\appsource\\mck_auth\\api.py'] : website_user_register
2026-01-19 16:21:40,698 INFO *******Finished function ['D:\\Bharath\\bharath\\appsource\\mck_auth\\api.py'] : website_user_register in 0:00:00.408437 seconds
2026-01-19 16:21:40,698 INFO *******Starting function ['D:\\Bharath\\bharath\\appsource\\mck_auth\\api.py'] : user_login
2026-01-19 16:21:41,104 INFO request user: True
2026-01-19 16:21:41,104 INFO *******Finished function ['D:\\Bharath\\bharath\\appsource\\mck_auth\\api.py'] : user_login in 0:00:00.406678 seconds
2026-01-19 16:21:41,104 INFO *******Finished function ['D:\\Bharath\\bharath\\appsource\\mck_auth\\views.py'] : WebsiteSignUp.post in 0:00:00.815115 seconds
2026-01-19 16:21:41,104 INFO *******Starting function ['D:\\Bharath\\bharath\\appsource\\mck_website\\views.py'] : HomePage.get
2026-01-19 16:21:41,120 INFO <QueryDict: {}>
2026-01-19 16:21:41,133 INFO *******Finished function ['D:\\Bharath\\bharath\\appsource\\mck_website\\views.py'] : HomePage.get in 0:00:00.028666 seconds
2026-01-19 16:22:45,879 INFO *******Starting function ['D:\\Bharath\\bharath\\appsource\\mck_auth\\views.py'] : WebsiteLogOut.get_redirect_url
2026-01-19 16:22:45,897 INFO *******Finished function ['D:\\Bharath\\bharath\\appsource\\mck_auth\\views.py'] : WebsiteLogOut.get_redirect_url in 0:00:00.017188 seconds
2026-01-19 16:22:45,901 INFO *******Starting function ['D:\\Bharath\\bharath\\appsource\\mck_website\\views.py'] : HomePage.get
2026-01-19 16:22:45,902 INFO <QueryDict: {}>
2026-01-19 16:22:45,909 INFO *******Finished function ['D:\\Bharath\\bharath\\appsource\\mck_website\\views.py'] : HomePage.get in 0:00:00.008430 seconds
2026-01-19 16:22:47,816 INFO *******Starting function ['D:\\Bharath\\bharath\\appsource\\mck_auth\\views.py'] : WebsiteSignIn.get
2026-01-19 16:22:47,816 INFO *******Finished function ['D:\\Bharath\\bharath\\appsource\\mck_auth\\views.py'] : WebsiteSignIn.get in 0:00:00 seconds
2026-01-19 16:22:49,257 INFO *******Starting function ['D:\\Bharath\\bharath\\appsource\\mck_auth\\views.py'] : WebsiteSignIn.post
2026-01-19 16:22:49,258 INFO *******Starting function ['D:\\Bharath\\bharath\\appsource\\mck_auth\\api.py'] : user_login
2026-01-19 16:22:49,654 INFO request user: True
2026-01-19 16:22:49,654 INFO *******Finished function ['D:\\Bharath\\bharath\\appsource\\mck_auth\\api.py'] : user_login in 0:00:00.396116 seconds
2026-01-19 16:22:49,654 INFO True Success {'user': <User: mckbytes@gmail.com>}
2026-01-19 16:22:49,654 INFO *******Finished function ['D:\\Bharath\\bharath\\appsource\\mck_auth\\views.py'] : WebsiteSignIn.post in 0:00:00.397169 seconds
2026-01-19 16:22:49,654 INFO *******Starting function ['D:\\Bharath\\bharath\\appsource\\mck_website\\views.py'] : HomePage.get
2026-01-19 16:22:49,654 INFO <QueryDict: {}>
2026-01-19 16:22:49,673 INFO *******Finished function ['D:\\Bharath\\bharath\\appsource\\mck_website\\views.py'] : HomePage.get in 0:00:00.018379 seconds
2026-01-19 16:25:10,834 INFO *******Starting function ['D:\\Bharath\\bharath\\appsource\\mck_website\\views.py'] : HomePage.get
2026-01-19 16:25:10,839 INFO <QueryDict: {}>
2026-01-19 16:25:10,876 INFO *******Finished function ['D:\\Bharath\\bharath\\appsource\\mck_website\\views.py'] : HomePage.get in 0:00:00.042499 seconds
2026-01-19 16:26:58,771 INFO *******Starting function ['D:\\Bharath\\bharath\\appsource\\mck_auth\\views.py'] : WebsiteLogOut.get_redirect_url
2026-01-19 16:26:58,792 INFO *******Finished function ['D:\\Bharath\\bharath\\appsource\\mck_auth\\views.py'] : WebsiteLogOut.get_redirect_url in 0:00:00.020733 seconds
2026-01-19 16:26:58,805 INFO *******Starting function ['D:\\Bharath\\bharath\\appsource\\mck_website\\views.py'] : HomePage.get
2026-01-19 16:26:58,806 INFO <QueryDict: {}>
2026-01-19 16:26:58,848 INFO *******Finished function ['D:\\Bharath\\bharath\\appsource\\mck_website\\views.py'] : HomePage.get in 0:00:00.042903 seconds
2026-01-19 16:27:00,926 INFO *******Starting function ['D:\\Bharath\\bharath\\appsource\\mck_auth\\views.py'] : WebsiteSignIn.get
2026-01-19 16:27:01,090 ERROR Function 'WebsiteSignIn.get' raised NoReverseMatch with error 'Reverse for 'password_reset' not found. 'password_reset' is not a valid view function or pattern name.'
2026-01-19 16:27:24,121 INFO *******Starting function ['D:\\Bharath\\bharath\\appsource\\mck_auth\\views.py'] : WebsiteSignIn.get
2026-01-19 16:27:24,156 INFO *******Finished function ['D:\\Bharath\\bharath\\appsource\\mck_auth\\views.py'] : WebsiteSignIn.get in 0:00:00.035239 seconds
2026-01-19 16:27:39,775 INFO *******Starting function ['D:\\Bharath\\bharath\\appsource\\mck_auth\\views.py'] : WebsiteSignIn.get
2026-01-19 16:27:39,795 INFO *******Finished function ['D:\\Bharath\\bharath\\appsource\\mck_auth\\views.py'] : WebsiteSignIn.get in 0:00:00.019988 seconds
2026-01-19 16:27:42,581 INFO *******Starting function ['D:\\Bharath\\bharath\\appsource\\mck_auth\\views.py'] : WebsiteSignUp.get
2026-01-19 16:27:42,581 INFO *******Finished function ['D:\\Bharath\\bharath\\appsource\\mck_auth\\views.py'] : WebsiteSignUp.get in 0:00:00 seconds
2026-01-19 16:28:24,999 INFO *******Starting function ['D:\\Bharath\\bharath\\appsource\\mck_auth\\views.py'] : WebsiteSignUp.get
2026-01-19 16:28:25,039 INFO *******Finished function ['D:\\Bharath\\bharath\\appsource\\mck_auth\\views.py'] : WebsiteSignUp.get in 0:00:00.040573 seconds
2026-01-19 16:28:32,079 INFO *******Starting function ['D:\\Bharath\\bharath\\appsource\\mck_auth\\views.py'] : WebsiteSignIn.get
2026-01-19 16:28:32,081 INFO *******Finished function ['D:\\Bharath\\bharath\\appsource\\mck_auth\\views.py'] : WebsiteSignIn.get in 0:00:00.002010 seconds
2026-01-19 16:28:46,475 INFO *******Starting function ['D:\\Bharath\\bharath\\appsource\\mck_website\\views.py'] : HomePage.get
2026-01-19 16:28:46,475 INFO <QueryDict: {}>
2026-01-19 16:28:46,481 INFO *******Finished function ['D:\\Bharath\\bharath\\appsource\\mck_website\\views.py'] : HomePage.get in 0:00:00.005461 seconds
2026-01-19 16:29:20,676 INFO *******Starting function ['D:\\Bharath\\bharath\\appsource\\mck_website\\views.py'] : HomePage.get
2026-01-19 16:29:20,689 INFO <QueryDict: {}>
2026-01-19 16:29:20,791 INFO *******Finished function ['D:\\Bharath\\bharath\\appsource\\mck_website\\views.py'] : HomePage.get in 0:00:00.115038 seconds
2026-01-19 16:30:07,323 INFO *******Starting function ['D:\\Bharath\\bharath\\appsource\\mck_website\\views.py'] : HomePage.get
2026-01-19 16:30:07,324 INFO <QueryDict: {}>
2026-01-19 16:30:07,356 INFO *******Finished function ['D:\\Bharath\\bharath\\appsource\\mck_website\\views.py'] : HomePage.get in 0:00:00.033138 seconds
2026-01-19 16:30:09,915 INFO *******Starting function ['D:\\Bharath\\bharath\\appsource\\mck_website\\views.py'] : HomePage.get
2026-01-19 16:30:09,916 INFO <QueryDict: {}>
2026-01-19 16:30:09,926 INFO *******Finished function ['D:\\Bharath\\bharath\\appsource\\mck_website\\views.py'] : HomePage.get in 0:00:00.010933 seconds
