2026-02-06 12:52:26,590 INFO Starting ...
2026-02-06 12:52:26,590 INFO *******Starting function ['D:\\Bharath\\bharath\\appsource\\scripts\\script_db_init.py'] : dropDatabase
2026-02-06 12:52:26,590 INFO django.db.backends.sqlite3
2026-02-06 12:52:26,590 DEBUG dropping database...D:\Bharath\bharath\appsource\mck_squarebox.sqlite3
2026-02-06 12:52:26,590 DEBUG dropped database...D:\Bharath\bharath\appsource\mck_squarebox.sqlite3
2026-02-06 12:52:26,590 INFO *******Finished function ['D:\\Bharath\\bharath\\appsource\\scripts\\script_db_init.py'] : dropDatabase in 0:00:00 seconds
2026-02-06 12:52:26,590 INFO *******Starting function ['D:\\Bharath\\bharath\\appsource\\scripts\\script_db_init.py'] : createDatabase
2026-02-06 12:52:26,590 DEBUG creating database...D:\Bharath\bharath\appsource\mck_squarebox.sqlite3
2026-02-06 12:52:26,590 DEBUG created database...D:\Bharath\bharath\appsource\mck_squarebox.sqlite3
2026-02-06 12:52:26,590 INFO *******Finished function ['D:\\Bharath\\bharath\\appsource\\scripts\\script_db_init.py'] : createDatabase in 0:00:00 seconds
2026-02-06 12:52:26,590 INFO *******Starting function ['D:\\Bharath\\bharath\\appsource\\scripts\\script_db_init.py'] : run_migrations
2026-02-06 12:52:27,284 INFO *******Finished function ['D:\\Bharath\\bharath\\appsource\\scripts\\script_db_init.py'] : run_migrations in 0:00:00.693528 seconds
2026-02-06 12:52:27,284 INFO *******Starting function ['D:\\Bharath\\bharath\\appsource\\scripts\\script_db_init.py'] : create_authusers
2026-02-06 12:52:27,618 INFO *******Finished function ['D:\\Bharath\\bharath\\appsource\\scripts\\script_db_init.py'] : create_authusers in 0:00:00.334096 seconds
2026-02-06 12:52:27,618 INFO *******Starting function ['D:\\Bharath\\bharath\\appsource\\scripts\\script_fixtures_build.py'] : build_fixtures
2026-02-06 12:52:27,618 INFO *******Starting function ['D:\\Bharath\\bharath\\appsource\\scripts\\script_fixtures_build.py'] : xlsx_to_json
2026-02-06 12:52:27,618 WARNING fixture_path: D:\Bharath\bharath\appsource\mck_master\fixtures\xlsx\mck_master.xlsx - Not Found
2026-02-06 12:52:27,618 INFO *******Finished function ['D:\\Bharath\\bharath\\appsource\\scripts\\script_fixtures_build.py'] : xlsx_to_json in 0:00:00 seconds
2026-02-06 12:52:27,618 INFO *******Starting function ['D:\\Bharath\\bharath\\appsource\\scripts\\script_fixtures_build.py'] : xlsx_to_json
2026-02-06 12:52:27,618 WARNING fixture_path: D:\Bharath\bharath\appsource\mck_auth\fixtures\xlsx\mck_auth.xlsx - Not Found
2026-02-06 12:52:27,618 INFO *******Finished function ['D:\\Bharath\\bharath\\appsource\\scripts\\script_fixtures_build.py'] : xlsx_to_json in 0:00:00 seconds
2026-02-06 12:52:27,618 INFO *******Starting function ['D:\\Bharath\\bharath\\appsource\\scripts\\script_fixtures_build.py'] : xlsx_to_json
2026-02-06 12:52:27,618 WARNING fixture_path: D:\Bharath\bharath\appsource\mck_admin_console\fixtures\xlsx\mck_admin_console.xlsx - Not Found
2026-02-06 12:52:27,618 INFO *******Finished function ['D:\\Bharath\\bharath\\appsource\\scripts\\script_fixtures_build.py'] : xlsx_to_json in 0:00:00 seconds
2026-02-06 12:52:27,618 INFO *******Starting function ['D:\\Bharath\\bharath\\appsource\\scripts\\script_fixtures_build.py'] : xlsx_to_json
2026-02-06 12:52:27,618 WARNING fixture_path: D:\Bharath\bharath\appsource\mck_website\fixtures\xlsx\mck_website.xlsx - Not Found
2026-02-06 12:52:27,618 INFO *******Finished function ['D:\\Bharath\\bharath\\appsource\\scripts\\script_fixtures_build.py'] : xlsx_to_json in 0:00:00 seconds
2026-02-06 12:52:27,618 INFO *******Finished function ['D:\\Bharath\\bharath\\appsource\\scripts\\script_fixtures_build.py'] : build_fixtures in 0:00:00 seconds
2026-02-06 12:52:27,618 INFO *******Starting function ['D:\\Bharath\\bharath\\appsource\\scripts\\script_fixtures_run.py'] : run_fixtures
2026-02-06 12:52:27,618 INFO *******Starting function ['D:\\Bharath\\bharath\\appsource\\scripts\\script_fixtures_run.py'] : _load_fixture
2026-02-06 12:52:27,618 INFO D:\Bharath\bharath\appsource\mck_master\fixtures\json\dxe_master-00-country.json
2026-02-06 12:52:27,884 INFO *******Finished function ['D:\\Bharath\\bharath\\appsource\\scripts\\script_fixtures_run.py'] : _load_fixture in 0:00:00.265922 seconds
2026-02-06 12:52:27,884 INFO *******Starting function ['D:\\Bharath\\bharath\\appsource\\scripts\\script_fixtures_run.py'] : _load_fixture
2026-02-06 12:52:27,884 INFO D:\Bharath\bharath\appsource\mck_master\fixtures\json\dxe_master-01-state.json
2026-02-06 12:52:27,901 INFO *******Finished function ['D:\\Bharath\\bharath\\appsource\\scripts\\script_fixtures_run.py'] : _load_fixture in 0:00:00.017508 seconds
2026-02-06 12:52:27,901 INFO *******Starting function ['D:\\Bharath\\bharath\\appsource\\scripts\\script_fixtures_run.py'] : _load_fixture
2026-02-06 12:52:27,901 INFO D:\Bharath\bharath\appsource\mck_master\fixtures\json\dxe_master-02-supportpagecontent.json
2026-02-06 12:52:27,919 INFO *******Finished function ['D:\\Bharath\\bharath\\appsource\\scripts\\script_fixtures_run.py'] : _load_fixture in 0:00:00.017958 seconds
2026-02-06 12:52:27,919 INFO *******Starting function ['D:\\Bharath\\bharath\\appsource\\scripts\\script_fixtures_run.py'] : _load_fixture
2026-02-06 12:52:27,919 INFO D:\Bharath\bharath\appsource\mck_auth\fixtures\json\dxe_auth-00-accounttype.json
2026-02-06 12:52:27,936 INFO *******Finished function ['D:\\Bharath\\bharath\\appsource\\scripts\\script_fixtures_run.py'] : _load_fixture in 0:00:00.016654 seconds
2026-02-06 12:52:27,936 INFO *******Starting function ['D:\\Bharath\\bharath\\appsource\\scripts\\script_fixtures_run.py'] : _load_fixture
2026-02-06 12:52:27,936 INFO D:\Bharath\bharath\appsource\mck_auth\fixtures\json\dxe_auth-01-accounttyperole.json
2026-02-06 12:52:27,959 INFO *******Finished function ['D:\\Bharath\\bharath\\appsource\\scripts\\script_fixtures_run.py'] : _load_fixture in 0:00:00.022705 seconds
2026-02-06 12:52:27,959 INFO *******Finished function ['D:\\Bharath\\bharath\\appsource\\scripts\\script_fixtures_run.py'] : run_fixtures in 0:00:00.340747 seconds
2026-02-06 12:52:27,959 INFO *******Starting function ['D:\\Bharath\\bharath\\appsource\\scripts\\script_db_init.py'] : create_superuser_account
2026-02-06 12:52:27,969 INFO *******Finished function ['D:\\Bharath\\bharath\\appsource\\scripts\\script_db_init.py'] : create_superuser_account in 0:00:00.010930 seconds
2026-02-06 12:52:27,969 INFO *******Starting function ['D:\\Bharath\\bharath\\appsource\\scripts\\generate_master_permission.py'] : generate_master_permission
2026-02-06 12:52:28,280 INFO *******Finished function ['D:\\Bharath\\bharath\\appsource\\scripts\\generate_master_permission.py'] : generate_master_permission in 0:00:00.310920 seconds
2026-02-06 12:52:28,280 INFO *******Starting function ['D:\\Bharath\\bharath\\appsource\\scripts\\update_mck_role_master_permissions.py'] : update_role_master_permission
2026-02-06 12:52:28,429 INFO *******Finished function ['D:\\Bharath\\bharath\\appsource\\scripts\\update_mck_role_master_permissions.py'] : update_role_master_permission in 0:00:00.148562 seconds
2026-02-06 12:52:28,429 INFO *******Starting function ['D:\\Bharath\\bharath\\appsource\\scripts\\script_db_init.py'] : create_company_profile
2026-02-06 12:52:28,761 INFO *******Finished function ['D:\\Bharath\\bharath\\appsource\\scripts\\script_db_init.py'] : create_company_profile in 0:00:00.331925 seconds
2026-02-06 12:52:28,761 INFO End !!!
2026-02-06 12:52:34,540 INFO Starting ...
2026-02-06 12:52:34,540 INFO *******Starting function ['D:\\Bharath\\bharath\\appsource\\scripts\\script_db_init.py'] : dropDatabase
2026-02-06 12:52:34,540 INFO django.db.backends.sqlite3
2026-02-06 12:52:34,540 DEBUG dropping database...D:\Bharath\bharath\appsource\mck_squarebox.sqlite3
2026-02-06 12:52:34,540 DEBUG dropped database...D:\Bharath\bharath\appsource\mck_squarebox.sqlite3
2026-02-06 12:52:34,540 INFO *******Finished function ['D:\\Bharath\\bharath\\appsource\\scripts\\script_db_init.py'] : dropDatabase in 0:00:00 seconds
2026-02-06 12:52:34,540 INFO *******Starting function ['D:\\Bharath\\bharath\\appsource\\scripts\\script_db_init.py'] : createDatabase
2026-02-06 12:52:34,540 DEBUG creating database...D:\Bharath\bharath\appsource\mck_squarebox.sqlite3
2026-02-06 12:52:34,540 DEBUG created database...D:\Bharath\bharath\appsource\mck_squarebox.sqlite3
2026-02-06 12:52:34,540 INFO *******Finished function ['D:\\Bharath\\bharath\\appsource\\scripts\\script_db_init.py'] : createDatabase in 0:00:00 seconds
2026-02-06 12:52:34,540 INFO *******Starting function ['D:\\Bharath\\bharath\\appsource\\scripts\\script_db_init.py'] : run_migrations
2026-02-06 12:52:35,252 INFO *******Finished function ['D:\\Bharath\\bharath\\appsource\\scripts\\script_db_init.py'] : run_migrations in 0:00:00.712182 seconds
2026-02-06 12:52:35,252 INFO *******Starting function ['D:\\Bharath\\bharath\\appsource\\scripts\\script_db_init.py'] : create_authusers
2026-02-06 12:52:35,564 INFO *******Finished function ['D:\\Bharath\\bharath\\appsource\\scripts\\script_db_init.py'] : create_authusers in 0:00:00.311163 seconds
2026-02-06 12:52:35,564 INFO *******Starting function ['D:\\Bharath\\bharath\\appsource\\scripts\\script_fixtures_build.py'] : build_fixtures
2026-02-06 12:52:35,564 INFO *******Starting function ['D:\\Bharath\\bharath\\appsource\\scripts\\script_fixtures_build.py'] : xlsx_to_json
2026-02-06 12:52:35,564 WARNING fixture_path: D:\Bharath\bharath\appsource\mck_master\fixtures\xlsx\mck_master.xlsx - Not Found
2026-02-06 12:52:35,564 INFO *******Finished function ['D:\\Bharath\\bharath\\appsource\\scripts\\script_fixtures_build.py'] : xlsx_to_json in 0:00:00 seconds
2026-02-06 12:52:35,564 INFO *******Starting function ['D:\\Bharath\\bharath\\appsource\\scripts\\script_fixtures_build.py'] : xlsx_to_json
2026-02-06 12:52:35,564 WARNING fixture_path: D:\Bharath\bharath\appsource\mck_auth\fixtures\xlsx\mck_auth.xlsx - Not Found
2026-02-06 12:52:35,564 INFO *******Finished function ['D:\\Bharath\\bharath\\appsource\\scripts\\script_fixtures_build.py'] : xlsx_to_json in 0:00:00 seconds
2026-02-06 12:52:35,564 INFO *******Starting function ['D:\\Bharath\\bharath\\appsource\\scripts\\script_fixtures_build.py'] : xlsx_to_json
2026-02-06 12:52:35,564 WARNING fixture_path: D:\Bharath\bharath\appsource\mck_admin_console\fixtures\xlsx\mck_admin_console.xlsx - Not Found
2026-02-06 12:52:35,564 INFO *******Finished function ['D:\\Bharath\\bharath\\appsource\\scripts\\script_fixtures_build.py'] : xlsx_to_json in 0:00:00 seconds
2026-02-06 12:52:35,564 INFO *******Starting function ['D:\\Bharath\\bharath\\appsource\\scripts\\script_fixtures_build.py'] : xlsx_to_json
2026-02-06 12:52:35,564 WARNING fixture_path: D:\Bharath\bharath\appsource\mck_website\fixtures\xlsx\mck_website.xlsx - Not Found
2026-02-06 12:52:35,564 INFO *******Finished function ['D:\\Bharath\\bharath\\appsource\\scripts\\script_fixtures_build.py'] : xlsx_to_json in 0:00:00 seconds
2026-02-06 12:52:35,564 INFO *******Finished function ['D:\\Bharath\\bharath\\appsource\\scripts\\script_fixtures_build.py'] : build_fixtures in 0:00:00 seconds
2026-02-06 12:52:35,564 INFO *******Starting function ['D:\\Bharath\\bharath\\appsource\\scripts\\script_fixtures_run.py'] : run_fixtures
2026-02-06 12:52:35,564 INFO *******Starting function ['D:\\Bharath\\bharath\\appsource\\scripts\\script_fixtures_run.py'] : _load_fixture
2026-02-06 12:52:35,564 INFO D:\Bharath\bharath\appsource\mck_master\fixtures\json\dxe_master-00-country.json
2026-02-06 12:52:35,644 INFO *******Finished function ['D:\\Bharath\\bharath\\appsource\\scripts\\script_fixtures_run.py'] : _load_fixture in 0:00:00.080770 seconds
2026-02-06 12:52:35,644 INFO *******Starting function ['D:\\Bharath\\bharath\\appsource\\scripts\\script_fixtures_run.py'] : _load_fixture
2026-02-06 12:52:35,644 INFO D:\Bharath\bharath\appsource\mck_master\fixtures\json\dxe_master-01-state.json
2026-02-06 12:52:35,660 INFO *******Finished function ['D:\\Bharath\\bharath\\appsource\\scripts\\script_fixtures_run.py'] : _load_fixture in 0:00:00.015311 seconds
2026-02-06 12:52:35,660 INFO *******Starting function ['D:\\Bharath\\bharath\\appsource\\scripts\\script_fixtures_run.py'] : _load_fixture
2026-02-06 12:52:35,660 INFO D:\Bharath\bharath\appsource\mck_master\fixtures\json\dxe_master-02-supportpagecontent.json
2026-02-06 12:52:35,668 INFO *******Finished function ['D:\\Bharath\\bharath\\appsource\\scripts\\script_fixtures_run.py'] : _load_fixture in 0:00:00.008518 seconds
2026-02-06 12:52:35,668 INFO *******Starting function ['D:\\Bharath\\bharath\\appsource\\scripts\\script_fixtures_run.py'] : _load_fixture
2026-02-06 12:52:35,668 INFO D:\Bharath\bharath\appsource\mck_auth\fixtures\json\dxe_auth-00-accounttype.json
2026-02-06 12:52:35,668 INFO *******Finished function ['D:\\Bharath\\bharath\\appsource\\scripts\\script_fixtures_run.py'] : _load_fixture in 0:00:00 seconds
2026-02-06 12:52:35,668 INFO *******Starting function ['D:\\Bharath\\bharath\\appsource\\scripts\\script_fixtures_run.py'] : _load_fixture
2026-02-06 12:52:35,668 INFO D:\Bharath\bharath\appsource\mck_auth\fixtures\json\dxe_auth-01-accounttyperole.json
2026-02-06 12:52:35,685 INFO *******Finished function ['D:\\Bharath\\bharath\\appsource\\scripts\\script_fixtures_run.py'] : _load_fixture in 0:00:00.016523 seconds
2026-02-06 12:52:35,685 INFO *******Finished function ['D:\\Bharath\\bharath\\appsource\\scripts\\script_fixtures_run.py'] : run_fixtures in 0:00:00.121122 seconds
2026-02-06 12:52:35,685 INFO *******Starting function ['D:\\Bharath\\bharath\\appsource\\scripts\\script_db_init.py'] : create_superuser_account
2026-02-06 12:52:35,702 INFO *******Finished function ['D:\\Bharath\\bharath\\appsource\\scripts\\script_db_init.py'] : create_superuser_account in 0:00:00.016955 seconds
2026-02-06 12:52:35,702 INFO *******Starting function ['D:\\Bharath\\bharath\\appsource\\scripts\\generate_master_permission.py'] : generate_master_permission
2026-02-06 12:52:35,895 INFO *******Finished function ['D:\\Bharath\\bharath\\appsource\\scripts\\generate_master_permission.py'] : generate_master_permission in 0:00:00.193568 seconds
2026-02-06 12:52:35,895 INFO *******Starting function ['D:\\Bharath\\bharath\\appsource\\scripts\\update_mck_role_master_permissions.py'] : update_role_master_permission
2026-02-06 12:52:36,022 INFO *******Finished function ['D:\\Bharath\\bharath\\appsource\\scripts\\update_mck_role_master_permissions.py'] : update_role_master_permission in 0:00:00.126463 seconds
2026-02-06 12:52:36,022 INFO *******Starting function ['D:\\Bharath\\bharath\\appsource\\scripts\\script_db_init.py'] : create_company_profile
2026-02-06 12:52:36,343 INFO *******Finished function ['D:\\Bharath\\bharath\\appsource\\scripts\\script_db_init.py'] : create_company_profile in 0:00:00.321525 seconds
2026-02-06 12:52:36,343 INFO End !!!
2026-02-06 15:46:23,654 INFO Starting ...
2026-02-06 15:46:23,654 INFO *******Starting function ['D:\\Bharath\\bharath\\appsource\\scripts\\script_db_init.py'] : dropDatabase
2026-02-06 15:46:23,654 INFO django.db.backends.sqlite3
2026-02-06 15:46:23,654 DEBUG dropping database...D:\Bharath\bharath\appsource\mck_squarebox.sqlite3
2026-02-06 15:46:23,654 DEBUG dropped database...D:\Bharath\bharath\appsource\mck_squarebox.sqlite3
2026-02-06 15:46:23,654 INFO *******Finished function ['D:\\Bharath\\bharath\\appsource\\scripts\\script_db_init.py'] : dropDatabase in 0:00:00 seconds
2026-02-06 15:46:23,654 INFO *******Starting function ['D:\\Bharath\\bharath\\appsource\\scripts\\script_db_init.py'] : createDatabase
2026-02-06 15:46:23,654 DEBUG creating database...D:\Bharath\bharath\appsource\mck_squarebox.sqlite3
2026-02-06 15:46:23,654 DEBUG created database...D:\Bharath\bharath\appsource\mck_squarebox.sqlite3
2026-02-06 15:46:23,654 INFO *******Finished function ['D:\\Bharath\\bharath\\appsource\\scripts\\script_db_init.py'] : createDatabase in 0:00:00 seconds
2026-02-06 15:46:23,654 INFO *******Starting function ['D:\\Bharath\\bharath\\appsource\\scripts\\script_db_init.py'] : run_migrations
2026-02-06 15:46:24,488 INFO *******Finished function ['D:\\Bharath\\bharath\\appsource\\scripts\\script_db_init.py'] : run_migrations in 0:00:00.833883 seconds
2026-02-06 15:46:24,489 INFO *******Starting function ['D:\\Bharath\\bharath\\appsource\\scripts\\script_db_init.py'] : create_authusers
2026-02-06 15:46:24,829 INFO *******Finished function ['D:\\Bharath\\bharath\\appsource\\scripts\\script_db_init.py'] : create_authusers in 0:00:00.340470 seconds
2026-02-06 15:46:24,829 INFO *******Starting function ['D:\\Bharath\\bharath\\appsource\\scripts\\script_fixtures_build.py'] : build_fixtures
2026-02-06 15:46:24,832 INFO *******Starting function ['D:\\Bharath\\bharath\\appsource\\scripts\\script_fixtures_build.py'] : xlsx_to_json
2026-02-06 15:46:24,832 WARNING fixture_path: D:\Bharath\bharath\appsource\mck_master\fixtures\xlsx\mck_master.xlsx - Not Found
2026-02-06 15:46:24,832 INFO *******Finished function ['D:\\Bharath\\bharath\\appsource\\scripts\\script_fixtures_build.py'] : xlsx_to_json in 0:00:00 seconds
2026-02-06 15:46:24,833 INFO *******Starting function ['D:\\Bharath\\bharath\\appsource\\scripts\\script_fixtures_build.py'] : xlsx_to_json
2026-02-06 15:46:24,833 WARNING fixture_path: D:\Bharath\bharath\appsource\mck_auth\fixtures\xlsx\mck_auth.xlsx - Not Found
2026-02-06 15:46:24,833 INFO *******Finished function ['D:\\Bharath\\bharath\\appsource\\scripts\\script_fixtures_build.py'] : xlsx_to_json in 0:00:00 seconds
2026-02-06 15:46:24,833 INFO *******Starting function ['D:\\Bharath\\bharath\\appsource\\scripts\\script_fixtures_build.py'] : xlsx_to_json
2026-02-06 15:46:24,833 WARNING fixture_path: D:\Bharath\bharath\appsource\mck_admin_console\fixtures\xlsx\mck_admin_console.xlsx - Not Found
2026-02-06 15:46:24,833 INFO *******Finished function ['D:\\Bharath\\bharath\\appsource\\scripts\\script_fixtures_build.py'] : xlsx_to_json in 0:00:00 seconds
2026-02-06 15:46:24,833 INFO *******Starting function ['D:\\Bharath\\bharath\\appsource\\scripts\\script_fixtures_build.py'] : xlsx_to_json
2026-02-06 15:46:24,833 WARNING fixture_path: D:\Bharath\bharath\appsource\mck_website\fixtures\xlsx\mck_website.xlsx - Not Found
2026-02-06 15:46:24,833 INFO *******Finished function ['D:\\Bharath\\bharath\\appsource\\scripts\\script_fixtures_build.py'] : xlsx_to_json in 0:00:00 seconds
2026-02-06 15:46:24,833 INFO *******Finished function ['D:\\Bharath\\bharath\\appsource\\scripts\\script_fixtures_build.py'] : build_fixtures in 0:00:00.003370 seconds
2026-02-06 15:46:24,833 INFO *******Starting function ['D:\\Bharath\\bharath\\appsource\\scripts\\script_fixtures_run.py'] : run_fixtures
2026-02-06 15:46:24,833 INFO *******Starting function ['D:\\Bharath\\bharath\\appsource\\scripts\\script_fixtures_run.py'] : _load_fixture
2026-02-06 15:46:24,833 INFO D:\Bharath\bharath\appsource\mck_master\fixtures\json\dxe_master-00-country.json
2026-02-06 15:46:24,916 INFO *******Finished function ['D:\\Bharath\\bharath\\appsource\\scripts\\script_fixtures_run.py'] : _load_fixture in 0:00:00.082775 seconds
2026-02-06 15:46:24,916 INFO *******Starting function ['D:\\Bharath\\bharath\\appsource\\scripts\\script_fixtures_run.py'] : _load_fixture
2026-02-06 15:46:24,916 INFO D:\Bharath\bharath\appsource\mck_master\fixtures\json\dxe_master-01-state.json
2026-02-06 15:46:24,936 INFO *******Finished function ['D:\\Bharath\\bharath\\appsource\\scripts\\script_fixtures_run.py'] : _load_fixture in 0:00:00.020155 seconds
2026-02-06 15:46:24,936 INFO *******Starting function ['D:\\Bharath\\bharath\\appsource\\scripts\\script_fixtures_run.py'] : _load_fixture
2026-02-06 15:46:24,936 INFO D:\Bharath\bharath\appsource\mck_master\fixtures\json\dxe_master-02-supportpagecontent.json
2026-02-06 15:46:24,951 INFO *******Finished function ['D:\\Bharath\\bharath\\appsource\\scripts\\script_fixtures_run.py'] : _load_fixture in 0:00:00.015619 seconds
2026-02-06 15:46:24,952 INFO *******Starting function ['D:\\Bharath\\bharath\\appsource\\scripts\\script_fixtures_run.py'] : _load_fixture
2026-02-06 15:46:24,952 INFO D:\Bharath\bharath\appsource\mck_auth\fixtures\json\dxe_auth-00-accounttype.json
2026-02-06 15:46:24,960 INFO *******Finished function ['D:\\Bharath\\bharath\\appsource\\scripts\\script_fixtures_run.py'] : _load_fixture in 0:00:00.008590 seconds
2026-02-06 15:46:24,964 INFO *******Starting function ['D:\\Bharath\\bharath\\appsource\\scripts\\script_fixtures_run.py'] : _load_fixture
2026-02-06 15:46:24,964 INFO D:\Bharath\bharath\appsource\mck_auth\fixtures\json\dxe_auth-01-accounttyperole.json
2026-02-06 15:46:24,983 INFO *******Finished function ['D:\\Bharath\\bharath\\appsource\\scripts\\script_fixtures_run.py'] : _load_fixture in 0:00:00.019321 seconds
2026-02-06 15:46:24,984 INFO *******Finished function ['D:\\Bharath\\bharath\\appsource\\scripts\\script_fixtures_run.py'] : run_fixtures in 0:00:00.151417 seconds
2026-02-06 15:46:24,984 INFO *******Starting function ['D:\\Bharath\\bharath\\appsource\\scripts\\script_db_init.py'] : create_superuser_account
2026-02-06 15:46:25,020 INFO *******Finished function ['D:\\Bharath\\bharath\\appsource\\scripts\\script_db_init.py'] : create_superuser_account in 0:00:00.035315 seconds
2026-02-06 15:46:25,020 INFO *******Starting function ['D:\\Bharath\\bharath\\appsource\\scripts\\generate_master_permission.py'] : generate_master_permission
2026-02-06 15:46:25,247 INFO *******Finished function ['D:\\Bharath\\bharath\\appsource\\scripts\\generate_master_permission.py'] : generate_master_permission in 0:00:00.227026 seconds
2026-02-06 15:46:25,247 INFO *******Starting function ['D:\\Bharath\\bharath\\appsource\\scripts\\update_mck_role_master_permissions.py'] : update_role_master_permission
2026-02-06 15:46:25,381 INFO *******Finished function ['D:\\Bharath\\bharath\\appsource\\scripts\\update_mck_role_master_permissions.py'] : update_role_master_permission in 0:00:00.134635 seconds
2026-02-06 15:46:25,381 INFO *******Starting function ['D:\\Bharath\\bharath\\appsource\\scripts\\script_db_init.py'] : create_company_profile
2026-02-06 15:46:25,703 INFO *******Finished function ['D:\\Bharath\\bharath\\appsource\\scripts\\script_db_init.py'] : create_company_profile in 0:00:00.321568 seconds
2026-02-06 15:46:25,703 INFO End !!!
